#
# A fatal error has been detected by the Java Runtime Environment:
#
#  EXCEPTION_ACCESS_VIOLATION (0xc0000005) at pc=0x00007ffa4ee06c84, pid=18112, tid=2556
#
# JRE version: Java(TM) SE Runtime Environment (19.0+36) (build 19+36-2238)
# Java VM: Java HotSpot(TM) 64-Bit Server VM (19+36-2238, mixed mode, sharing, tiered, compressed oops, compressed class ptrs, g1 gc, windows-amd64)
# Problematic frame:
# C  [jdwp.dll+0x26c84]
#
# No core dump will be written. Minidumps are not enabled by default on client versions of Windows
#
# If you would like to submit a bug report, please visit:
#   https://bugreport.java.com/bugreport/crash.jsp
# The crash happened outside the Java Virtual Machine in native code.
# See problematic frame for where to report the bug.
#

---------------  S U M M A R Y ------------

Command Line: -XX:+ShowCodeDetailsInExceptionMessages -agentlib:jdwp=transport=dt_socket,suspend=y,address=localhost:54352 -javaagent:C:\Users\nilsw\eclipse\java-2022-09\eclipse\configuration\org.eclipse.osgi\228\0\.cp\lib\javaagent-shaded.jar -Dfile.encoding=UTF-8 game.main.Launcher

Host: Intel(R) Core(TM) i7-8650U CPU @ 1.90GHz, 8 cores, 7G,  Windows 11 , 64 bit Build 25236 (10.0.25236.1000)
Time: Thu Nov  3 20:20:50 2022 W. Europe Standard Time elapsed time: 1.583375 seconds (0d 0h 0m 1s)

---------------  T H R E A D  ---------------

Current thread (0x00000258698a1590):  JavaThread "main" [_thread_in_native, id=2556, stack(0x0000008e9ce00000,0x0000008e9cf00000)]

Stack: [0x0000008e9ce00000,0x0000008e9cf00000],  sp=0x0000008e9cefe7f8,  free space=1017k
Native frames: (J=compiled Java code, j=interpreted, Vv=VM code, C=native code)
C  [jdwp.dll+0x26c84]

Java frames: (J=compiled Java code, j=interpreted, Vv=VM code)
j  jdk.internal.reflect.MethodHandleAccessorFactory.newFieldAccessor(Ljava/lang/reflect/Field;Z)Ljdk/internal/reflect/FieldAccessorImpl;+170 java.base@19
j  jdk.internal.reflect.ReflectionFactory.newFieldAccessor(Ljava/lang/reflect/Field;Z)Ljdk/internal/reflect/FieldAccessor;+82 java.base@19
j  java.lang.reflect.Field.acquireFieldAccessor()Ljdk/internal/reflect/FieldAccessor;+35 java.base@19
j  java.lang.reflect.Field.getFieldAccessor()Ljdk/internal/reflect/FieldAccessor;+14 java.base@19
j  java.lang.reflect.Field.getInt(Ljava/lang/Object;)I+18 java.base@19
j  org.lwjgl.system.APIUtil.apiClassTokens(Ljava/util/function/BiPredicate;Ljava/util/Map;[Ljava/lang/Class;)Ljava/util/Map;+104
j  org.lwjgl.glfw.GLFWErrorCallback$1.<init>(Ljava/io/PrintStream;)V+25
j  org.lwjgl.glfw.GLFWErrorCallback.createPrint(Ljava/io/PrintStream;)Lorg/lwjgl/glfw/GLFWErrorCallback;+5
j  engine.core.GameContainer.init()V+3
j  game.main.Launcher.main([Ljava/lang/String;)V+31
v  ~StubRoutines::call_stub 0x000002580753100e

siginfo: EXCEPTION_ACCESS_VIOLATION (0xc0000005), reading address 0xffffffffffffffff


Registers:
RAX=0x000002587df39510, RBX=0x0000025867612f30, RCX=0x00000258698a1870, RDX=0x0000025867612f30
RSP=0x0000008e9cefe7f8, RBP=0x0000000000000002, RSI=0x0000008e9cefe8a0, RDI=0x00000258698a1870
R8 =0x0000000000010002, R9 =0x0000000000000000, R10=0x00007ffa65d60000, R11=0x0000008e9cefe7c8
R12=0x0000000000000007, R13=0x000002586988d1e0, R14=0x00007ffa4ee10300, R15=0x0000000000000000
RIP=0x00007ffa4ee06c84, EFLAGS=0x0000000000010206


Register to memory mapping:

RIP=0x00007ffa4ee06c84 jdwp.dll
RAX=0x000002587df39510 points into unknown readable memory: 0x0000000000000000 | 00 00 00 00 00 00 00 00
RBX=0x0000025867612f30 points into unknown readable memory: 0x000000008930a4b0 | b0 a4 30 89 00 00 00 00
RCX=0x00000258698a1870 points into unknown readable memory: 0x000002587df39510 | 10 95 f3 7d 58 02 00 00
RDX=0x0000025867612f30 points into unknown readable memory: 0x000000008930a4b0 | b0 a4 30 89 00 00 00 00
RSP=0x0000008e9cefe7f8 is pointing into the stack for thread: 0x00000258698a1590
RBP=0x0000000000000002 is an unknown value
RSI=0x0000008e9cefe8a0 is pointing into the stack for thread: 0x00000258698a1590
RDI=0x00000258698a1870 points into unknown readable memory: 0x000002587df39510 | 10 95 f3 7d 58 02 00 00
R8 =0x0000000000010002 is an unknown value
R9 =0x0 is NULL
R10=0x00007ffa65d60000 VCRUNTIME140.dll
R11=0x0000008e9cefe7c8 is pointing into the stack for thread: 0x00000258698a1590
R12=0x0000000000000007 is an unknown value
R13=0x000002586988d1e0 points into unknown readable memory: 0x00007ff9ffca8ff0 | f0 8f ca ff f9 7f 00 00
R14=0x00007ffa4ee10300 jdwp.dll
R15=0x0 is NULL


Top of Stack: (sp=0x0000008e9cefe7f8)
0x0000008e9cefe7f8:   00007ffa4edf5bd1 0000025867612f30
0x0000008e9cefe808:   0000008e9cefe8a0 0000000000000000
0x0000008e9cefe818:   0000000000000000 00007ff9ffc8ecd0
0x0000008e9cefe828:   00000000000009fc 0000025867612f30
0x0000008e9cefe838:   00007ffa4ee10328 0000000000000000
0x0000008e9cefe848:   00007ffa4edf272f 0000025867612f30
0x0000008e9cefe858:   0000000000000002 00000258698a1870
0x0000008e9cefe868:   0000025867612f38 000000397dbd0000
0x0000008e9cefe878:   00007ff9ff3d685f 0000000000000000
0x0000008e9cefe888:   00000008001de8d0 0000008e9cefe8f0
0x0000008e9cefe898:   00007ff9ff3da286 0000000000000007
0x0000008e9cefe8a8:   0000025867612f30 0000000000000000
0x0000008e9cefe8b8:   0000025867612f38 0000000000000000
0x0000008e9cefe8c8:   0000000000000000 0000000000000000
0x0000008e9cefe8d8:   0000000000000000 0000000000000000
0x0000008e9cefe8e8:   0000000000000000 0000000000000000 

Instructions: (pc=0x00007ffa4ee06c84)
0x00007ffa4ee06b84:   05 d7 05 01 00 48 8b 03 48 8b d7 4d 8b 40 30 48
0x00007ffa4ee06b94:   8b cb 48 8b 5c 24 30 48 83 c4 20 5f 48 ff a0 00
0x00007ffa4ee06ba4:   01 00 00 cc 48 89 5c 24 08 57 48 83 ec 20 48 8b
0x00007ffa4ee06bb4:   f9 e8 f2 ea ff ff 4c 8b 05 9f 05 01 00 48 8b d8
0x00007ffa4ee06bc4:   41 f6 80 18 02 00 00 02 74 33 41 b8 21 06 00 00
0x00007ffa4ee06bd4:   48 8d 15 8d bf 00 00 48 8d 0d 22 58 00 00 e8 89
0x00007ffa4ee06be4:   41 ff ff 48 8d 15 ea 95 00 00 48 8d 0d 23 58 00
0x00007ffa4ee06bf4:   00 e8 1e 42 ff ff 4c 8b 05 5f 05 01 00 48 8b 03
0x00007ffa4ee06c04:   48 8b d7 4d 8b 40 38 48 8b cb 48 8b 5c 24 30 48
0x00007ffa4ee06c14:   83 c4 20 5f 48 ff a0 00 01 00 00 cc 48 89 5c 24
0x00007ffa4ee06c24:   08 57 48 83 ec 20 48 8b f9 e8 7a ea ff ff 48 8b
0x00007ffa4ee06c34:   15 27 05 01 00 48 8b d8 f6 82 18 02 00 00 02 74
0x00007ffa4ee06c44:   2c 41 b8 13 06 00 00 48 8d 15 16 bf 00 00 48 8d
0x00007ffa4ee06c54:   0d ab 57 00 00 e8 12 41 ff ff 48 8d 15 8b 68 00
0x00007ffa4ee06c64:   00 48 8d 0d ac 57 00 00 e8 a7 41 ff ff 48 8b 03
0x00007ffa4ee06c74:   48 8b d7 48 8b cb 48 8b 5c 24 30 48 83 c4 20 5f
0x00007ffa4ee06c84:   48 ff a0 50 07 00 00 cc 48 89 5c 24 08 48 89 74
0x00007ffa4ee06c94:   24 10 48 89 7c 24 18 41 56 48 83 ec 20 4c 63 f2
0x00007ffa4ee06ca4:   49 8b d8 48 8b d1 41 8b f9 48 8b cb 4d 8d 46 ff
0x00007ffa4ee06cb4:   ff 15 b6 55 00 00 85 c0 75 3c 41 0f be 44 1e ff
0x00007ffa4ee06cc4:   3b c7 75 32 49 03 de eb 10 0f be c8 ff 15 8a 55
0x00007ffa4ee06cd4:   00 00 85 c0 74 09 48 ff c3 8a 03 84 c0 75 ea 80
0x00007ffa4ee06ce4:   3b 3b 74 12 8b d7 48 8b cb e8 a0 4a 00 00 48 85
0x00007ffa4ee06cf4:   c0 0f 94 c0 eb 02 32 c0 48 8b 5c 24 30 48 8b 74
0x00007ffa4ee06d04:   24 38 48 8b 7c 24 40 48 83 c4 20 41 5e c3 cc cc
0x00007ffa4ee06d14:   0f b6 d1 83 fa 1e 0f 87 83 00 00 00 74 7b 83 fa
0x00007ffa4ee06d24:   07 77 41 74 39 83 ea 01 74 2e 83 ea 01 74 23 83
0x00007ffa4ee06d34:   ea 01 74 18 83 ea 01 74 0d 83 fa 02 0f 85 8a 00
0x00007ffa4ee06d44:   00 00 8d 42 03 c3 b8 04 00 00 00 c3 b8 03 00 00
0x00007ffa4ee06d54:   00 c3 b8 02 00 00 00 c3 b8 01 00 00 00 c3 b8 06
0x00007ffa4ee06d64:   00 00 00 c3 b8 08 00 00 00 2b d0 74 26 83 ea 01
0x00007ffa4ee06d74:   0f 84 88 00 00 00 83 ea 01 74 12 b8 0a 00 00 00 


Stack slot to memory mapping:
stack at sp + 0 slots: 0x00007ffa4edf5bd1 jdwp.dll
stack at sp + 1 slots: 0x0000025867612f30 points into unknown readable memory: 0x000000008930a4b0 | b0 a4 30 89 00 00 00 00
stack at sp + 2 slots: 0x0000008e9cefe8a0 is pointing into the stack for thread: 0x00000258698a1590
stack at sp + 3 slots: 0x0 is NULL
stack at sp + 4 slots: 0x0 is NULL
stack at sp + 5 slots: 0x00007ff9ffc8ecd0 jvm.dll
stack at sp + 6 slots: 0x00000000000009fc is an unknown value
stack at sp + 7 slots: 0x0000025867612f30 points into unknown readable memory: 0x000000008930a4b0 | b0 a4 30 89 00 00 00 00


---------------  P R O C E S S  ---------------

Threads class SMR info:
_java_thread_list=0x000002587d7c25a0, length=16, elements={
0x00000258698a1590, 0x0000025878a70730, 0x0000025878a71260, 0x0000025878a79600,
0x0000025878a7bf40, 0x0000025878a7e880, 0x000002587d4013b0, 0x000002587d405cb0,
0x000002587d40ade0, 0x000002587d4146c0, 0x000002587d510950, 0x000002587d7076e0,
0x000002587d5c2070, 0x000002587d5c4540, 0x000002587d7dc020, 0x000002587d512e80
}

Java Threads: ( => current thread )
=>0x00000258698a1590 JavaThread "main" [_thread_in_native, id=2556, stack(0x0000008e9ce00000,0x0000008e9cf00000)]
  0x0000025878a70730 JavaThread "Reference Handler" daemon [_thread_blocked, id=18800, stack(0x0000008e9d500000,0x0000008e9d600000)]
  0x0000025878a71260 JavaThread "Finalizer" daemon [_thread_blocked, id=20152, stack(0x0000008e9d600000,0x0000008e9d700000)]
  0x0000025878a79600 JavaThread "Signal Dispatcher" daemon [_thread_blocked, id=3760, stack(0x0000008e9d700000,0x0000008e9d800000)]
  0x0000025878a7bf40 JavaThread "Attach Listener" daemon [_thread_blocked, id=13024, stack(0x0000008e9d800000,0x0000008e9d900000)]
  0x0000025878a7e880 JavaThread "Service Thread" daemon [_thread_blocked, id=10036, stack(0x0000008e9d900000,0x0000008e9da00000)]
  0x000002587d4013b0 JavaThread "Monitor Deflation Thread" daemon [_thread_blocked, id=14292, stack(0x0000008e9da00000,0x0000008e9db00000)]
  0x000002587d405cb0 JavaThread "C2 CompilerThread0" daemon [_thread_blocked, id=14016, stack(0x0000008e9db00000,0x0000008e9dc00000)]
  0x000002587d40ade0 JavaThread "C1 CompilerThread0" daemon [_thread_blocked, id=21496, stack(0x0000008e9dc00000,0x0000008e9dd00000)]
  0x000002587d4146c0 JavaThread "Sweeper thread" daemon [_thread_blocked, id=8932, stack(0x0000008e9dd00000,0x0000008e9de00000)]
  0x000002587d510950 JavaThread "Common-Cleaner" daemon [_thread_blocked, id=22024, stack(0x0000008e9de00000,0x0000008e9df00000)]
  0x000002587d7076e0 JavaThread "JDWP Transport Listener: dt_socket" daemon [_thread_blocked, id=18516, stack(0x0000008e9df00000,0x0000008e9e000000)]
  0x000002587d5c2070 JavaThread "JDWP Event Helper Thread" daemon [_thread_blocked, id=8568, stack(0x0000008e9e000000,0x0000008e9e100000)]
  0x000002587d5c4540 JavaThread "JDWP Command Reader" daemon [_thread_in_native, id=22120, stack(0x0000008e9e100000,0x0000008e9e200000)]
  0x000002587d7dc020 JavaThread "C2 CompilerThread1" daemon [_thread_blocked, id=21656, stack(0x0000008e9e200000,0x0000008e9e300000)]
  0x000002587d512e80 JavaThread "Notification Thread" daemon [_thread_blocked, id=2572, stack(0x0000008e9e300000,0x0000008e9e400000)]

Other Threads:
  0x0000025878a5b9b0 VMThread "VM Thread" [stack: 0x0000008e9d400000,0x0000008e9d500000] [id=15756]
  0x000002587d7e6f10 WatcherThread "VM Periodic Task Thread" [stack: 0x0000008e9e400000,0x0000008e9e500000] [id=10048]
  0x0000025869900e90 WorkerThread "GC Thread#0" [stack: 0x0000008e9cf00000,0x0000008e9d000000] [id=19108]
  0x0000025869911b70 ConcurrentGCThread "G1 Main Marker" [stack: 0x0000008e9d000000,0x0000008e9d100000] [id=8712]
  0x0000025869913410 WorkerThread "G1 Conc#0" [stack: 0x0000008e9d100000,0x0000008e9d200000] [id=17208]
  0x000002587890e470 ConcurrentGCThread "G1 Refine#0" [stack: 0x0000008e9d200000,0x0000008e9d300000] [id=12468]
  0x000002587890fe60 ConcurrentGCThread "G1 Service" [stack: 0x0000008e9d300000,0x0000008e9d400000] [id=21444]

Threads with active compile tasks:

VM state: not at safepoint (normal execution)

VM Mutex/Monitor currently owned by a thread: None

Heap address: 0x0000000081400000, size: 2028 MB, Compressed Oops mode: 32-bit

CDS archive(s) mapped at: [0x0000000800000000-0x0000000800c40000-0x0000000800c40000), size 12845056, SharedBaseAddress: 0x0000000800000000, ArchiveRelocationMode: 0.
Compressed class space mapped at: 0x0000000801000000-0x0000000841000000, reserved size: 1073741824
Narrow klass base: 0x0000000800000000, Narrow klass shift: 0, Narrow klass range: 0x100000000

GC Precious Log:
 CardTable entry size: 512
 Card Set container configuration: InlinePtr #cards 5 size 8 Array Of Cards #cards 12 size 40 Howl #buckets 4 coarsen threshold 1843 Howl Bitmap #cards 512 size 80 coarsen threshold 460 Card regions per heap region 1 cards per card region 2048
 CPUs: 8 total, 8 available
 Memory: 8109M
 Large Page Support: Disabled
 NUMA Support: Disabled
 Compressed Oops: Enabled (32-bit)
 Heap Region Size: 1M
 Heap Min Capacity: 8M
 Heap Initial Capacity: 128M
 Heap Max Capacity: 2028M
 Pre-touch: Disabled
 Parallel Workers: 8
 Concurrent Workers: 2
 Concurrent Refinement Workers: 8
 Periodic GC: Disabled

Heap:
 garbage-first heap   total 131072K, used 13312K [0x0000000081400000, 0x0000000100000000)
  region size 1024K, 15 young (15360K), 0 survivors (0K)
 Metaspace       used 4644K, committed 4800K, reserved 1114112K
  class space    used 390K, committed 448K, reserved 1048576K

Heap Regions: E=young(eden), S=young(survivor), O=old, HS=humongous(starts), HC=humongous(continues), CS=collection set, F=free, OA=open archive, CA=closed archive, TAMS=top-at-mark-start (previous, next)
|   0|0x0000000081400000, 0x0000000081400000, 0x0000000081500000|  0%| F|  |TAMS 0x0000000081400000, 0x0000000081400000| Untracked 
|   1|0x0000000081500000, 0x0000000081500000, 0x0000000081600000|  0%| F|  |TAMS 0x0000000081500000, 0x0000000081500000| Untracked 
|   2|0x0000000081600000, 0x0000000081600000, 0x0000000081700000|  0%| F|  |TAMS 0x0000000081600000, 0x0000000081600000| Untracked 
|   3|0x0000000081700000, 0x0000000081700000, 0x0000000081800000|  0%| F|  |TAMS 0x0000000081700000, 0x0000000081700000| Untracked 
|   4|0x0000000081800000, 0x0000000081800000, 0x0000000081900000|  0%| F|  |TAMS 0x0000000081800000, 0x0000000081800000| Untracked 
|   5|0x0000000081900000, 0x0000000081900000, 0x0000000081a00000|  0%| F|  |TAMS 0x0000000081900000, 0x0000000081900000| Untracked 
|   6|0x0000000081a00000, 0x0000000081a00000, 0x0000000081b00000|  0%| F|  |TAMS 0x0000000081a00000, 0x0000000081a00000| Untracked 
|   7|0x0000000081b00000, 0x0000000081b00000, 0x0000000081c00000|  0%| F|  |TAMS 0x0000000081b00000, 0x0000000081b00000| Untracked 
|   8|0x0000000081c00000, 0x0000000081c00000, 0x0000000081d00000|  0%| F|  |TAMS 0x0000000081c00000, 0x0000000081c00000| Untracked 
|   9|0x0000000081d00000, 0x0000000081d00000, 0x0000000081e00000|  0%| F|  |TAMS 0x0000000081d00000, 0x0000000081d00000| Untracked 
|  10|0x0000000081e00000, 0x0000000081e00000, 0x0000000081f00000|  0%| F|  |TAMS 0x0000000081e00000, 0x0000000081e00000| Untracked 
|  11|0x0000000081f00000, 0x0000000081f00000, 0x0000000082000000|  0%| F|  |TAMS 0x0000000081f00000, 0x0000000081f00000| Untracked 
|  12|0x0000000082000000, 0x0000000082000000, 0x0000000082100000|  0%| F|  |TAMS 0x0000000082000000, 0x0000000082000000| Untracked 
|  13|0x0000000082100000, 0x0000000082100000, 0x0000000082200000|  0%| F|  |TAMS 0x0000000082100000, 0x0000000082100000| Untracked 
|  14|0x0000000082200000, 0x0000000082200000, 0x0000000082300000|  0%| F|  |TAMS 0x0000000082200000, 0x0000000082200000| Untracked 
|  15|0x0000000082300000, 0x0000000082300000, 0x0000000082400000|  0%| F|  |TAMS 0x0000000082300000, 0x0000000082300000| Untracked 
|  16|0x0000000082400000, 0x0000000082400000, 0x0000000082500000|  0%| F|  |TAMS 0x0000000082400000, 0x0000000082400000| Untracked 
|  17|0x0000000082500000, 0x0000000082500000, 0x0000000082600000|  0%| F|  |TAMS 0x0000000082500000, 0x0000000082500000| Untracked 
|  18|0x0000000082600000, 0x0000000082600000, 0x0000000082700000|  0%| F|  |TAMS 0x0000000082600000, 0x0000000082600000| Untracked 
|  19|0x0000000082700000, 0x0000000082700000, 0x0000000082800000|  0%| F|  |TAMS 0x0000000082700000, 0x0000000082700000| Untracked 
|  20|0x0000000082800000, 0x0000000082800000, 0x0000000082900000|  0%| F|  |TAMS 0x0000000082800000, 0x0000000082800000| Untracked 
|  21|0x0000000082900000, 0x0000000082900000, 0x0000000082a00000|  0%| F|  |TAMS 0x0000000082900000, 0x0000000082900000| Untracked 
|  22|0x0000000082a00000, 0x0000000082a00000, 0x0000000082b00000|  0%| F|  |TAMS 0x0000000082a00000, 0x0000000082a00000| Untracked 
|  23|0x0000000082b00000, 0x0000000082b00000, 0x0000000082c00000|  0%| F|  |TAMS 0x0000000082b00000, 0x0000000082b00000| Untracked 
|  24|0x0000000082c00000, 0x0000000082c00000, 0x0000000082d00000|  0%| F|  |TAMS 0x0000000082c00000, 0x0000000082c00000| Untracked 
|  25|0x0000000082d00000, 0x0000000082d00000, 0x0000000082e00000|  0%| F|  |TAMS 0x0000000082d00000, 0x0000000082d00000| Untracked 
|  26|0x0000000082e00000, 0x0000000082e00000, 0x0000000082f00000|  0%| F|  |TAMS 0x0000000082e00000, 0x0000000082e00000| Untracked 
|  27|0x0000000082f00000, 0x0000000082f00000, 0x0000000083000000|  0%| F|  |TAMS 0x0000000082f00000, 0x0000000082f00000| Untracked 
|  28|0x0000000083000000, 0x0000000083000000, 0x0000000083100000|  0%| F|  |TAMS 0x0000000083000000, 0x0000000083000000| Untracked 
|  29|0x0000000083100000, 0x0000000083100000, 0x0000000083200000|  0%| F|  |TAMS 0x0000000083100000, 0x0000000083100000| Untracked 
|  30|0x0000000083200000, 0x0000000083200000, 0x0000000083300000|  0%| F|  |TAMS 0x0000000083200000, 0x0000000083200000| Untracked 
|  31|0x0000000083300000, 0x0000000083300000, 0x0000000083400000|  0%| F|  |TAMS 0x0000000083300000, 0x0000000083300000| Untracked 
|  32|0x0000000083400000, 0x0000000083400000, 0x0000000083500000|  0%| F|  |TAMS 0x0000000083400000, 0x0000000083400000| Untracked 
|  33|0x0000000083500000, 0x0000000083500000, 0x0000000083600000|  0%| F|  |TAMS 0x0000000083500000, 0x0000000083500000| Untracked 
|  34|0x0000000083600000, 0x0000000083600000, 0x0000000083700000|  0%| F|  |TAMS 0x0000000083600000, 0x0000000083600000| Untracked 
|  35|0x0000000083700000, 0x0000000083700000, 0x0000000083800000|  0%| F|  |TAMS 0x0000000083700000, 0x0000000083700000| Untracked 
|  36|0x0000000083800000, 0x0000000083800000, 0x0000000083900000|  0%| F|  |TAMS 0x0000000083800000, 0x0000000083800000| Untracked 
|  37|0x0000000083900000, 0x0000000083900000, 0x0000000083a00000|  0%| F|  |TAMS 0x0000000083900000, 0x0000000083900000| Untracked 
|  38|0x0000000083a00000, 0x0000000083a00000, 0x0000000083b00000|  0%| F|  |TAMS 0x0000000083a00000, 0x0000000083a00000| Untracked 
|  39|0x0000000083b00000, 0x0000000083b00000, 0x0000000083c00000|  0%| F|  |TAMS 0x0000000083b00000, 0x0000000083b00000| Untracked 
|  40|0x0000000083c00000, 0x0000000083c00000, 0x0000000083d00000|  0%| F|  |TAMS 0x0000000083c00000, 0x0000000083c00000| Untracked 
|  41|0x0000000083d00000, 0x0000000083d00000, 0x0000000083e00000|  0%| F|  |TAMS 0x0000000083d00000, 0x0000000083d00000| Untracked 
|  42|0x0000000083e00000, 0x0000000083e00000, 0x0000000083f00000|  0%| F|  |TAMS 0x0000000083e00000, 0x0000000083e00000| Untracked 
|  43|0x0000000083f00000, 0x0000000083f00000, 0x0000000084000000|  0%| F|  |TAMS 0x0000000083f00000, 0x0000000083f00000| Untracked 
|  44|0x0000000084000000, 0x0000000084000000, 0x0000000084100000|  0%| F|  |TAMS 0x0000000084000000, 0x0000000084000000| Untracked 
|  45|0x0000000084100000, 0x0000000084100000, 0x0000000084200000|  0%| F|  |TAMS 0x0000000084100000, 0x0000000084100000| Untracked 
|  46|0x0000000084200000, 0x0000000084200000, 0x0000000084300000|  0%| F|  |TAMS 0x0000000084200000, 0x0000000084200000| Untracked 
|  47|0x0000000084300000, 0x0000000084300000, 0x0000000084400000|  0%| F|  |TAMS 0x0000000084300000, 0x0000000084300000| Untracked 
|  48|0x0000000084400000, 0x0000000084400000, 0x0000000084500000|  0%| F|  |TAMS 0x0000000084400000, 0x0000000084400000| Untracked 
|  49|0x0000000084500000, 0x0000000084500000, 0x0000000084600000|  0%| F|  |TAMS 0x0000000084500000, 0x0000000084500000| Untracked 
|  50|0x0000000084600000, 0x0000000084600000, 0x0000000084700000|  0%| F|  |TAMS 0x0000000084600000, 0x0000000084600000| Untracked 
|  51|0x0000000084700000, 0x0000000084700000, 0x0000000084800000|  0%| F|  |TAMS 0x0000000084700000, 0x0000000084700000| Untracked 
|  52|0x0000000084800000, 0x0000000084800000, 0x0000000084900000|  0%| F|  |TAMS 0x0000000084800000, 0x0000000084800000| Untracked 
|  53|0x0000000084900000, 0x0000000084900000, 0x0000000084a00000|  0%| F|  |TAMS 0x0000000084900000, 0x0000000084900000| Untracked 
|  54|0x0000000084a00000, 0x0000000084a00000, 0x0000000084b00000|  0%| F|  |TAMS 0x0000000084a00000, 0x0000000084a00000| Untracked 
|  55|0x0000000084b00000, 0x0000000084b00000, 0x0000000084c00000|  0%| F|  |TAMS 0x0000000084b00000, 0x0000000084b00000| Untracked 
|  56|0x0000000084c00000, 0x0000000084c00000, 0x0000000084d00000|  0%| F|  |TAMS 0x0000000084c00000, 0x0000000084c00000| Untracked 
|  57|0x0000000084d00000, 0x0000000084d00000, 0x0000000084e00000|  0%| F|  |TAMS 0x0000000084d00000, 0x0000000084d00000| Untracked 
|  58|0x0000000084e00000, 0x0000000084e00000, 0x0000000084f00000|  0%| F|  |TAMS 0x0000000084e00000, 0x0000000084e00000| Untracked 
|  59|0x0000000084f00000, 0x0000000084f00000, 0x0000000085000000|  0%| F|  |TAMS 0x0000000084f00000, 0x0000000084f00000| Untracked 
|  60|0x0000000085000000, 0x0000000085000000, 0x0000000085100000|  0%| F|  |TAMS 0x0000000085000000, 0x0000000085000000| Untracked 
|  61|0x0000000085100000, 0x0000000085100000, 0x0000000085200000|  0%| F|  |TAMS 0x0000000085100000, 0x0000000085100000| Untracked 
|  62|0x0000000085200000, 0x0000000085200000, 0x0000000085300000|  0%| F|  |TAMS 0x0000000085200000, 0x0000000085200000| Untracked 
|  63|0x0000000085300000, 0x0000000085300000, 0x0000000085400000|  0%| F|  |TAMS 0x0000000085300000, 0x0000000085300000| Untracked 
|  64|0x0000000085400000, 0x0000000085400000, 0x0000000085500000|  0%| F|  |TAMS 0x0000000085400000, 0x0000000085400000| Untracked 
|  65|0x0000000085500000, 0x0000000085500000, 0x0000000085600000|  0%| F|  |TAMS 0x0000000085500000, 0x0000000085500000| Untracked 
|  66|0x0000000085600000, 0x0000000085600000, 0x0000000085700000|  0%| F|  |TAMS 0x0000000085600000, 0x0000000085600000| Untracked 
|  67|0x0000000085700000, 0x0000000085700000, 0x0000000085800000|  0%| F|  |TAMS 0x0000000085700000, 0x0000000085700000| Untracked 
|  68|0x0000000085800000, 0x0000000085800000, 0x0000000085900000|  0%| F|  |TAMS 0x0000000085800000, 0x0000000085800000| Untracked 
|  69|0x0000000085900000, 0x0000000085900000, 0x0000000085a00000|  0%| F|  |TAMS 0x0000000085900000, 0x0000000085900000| Untracked 
|  70|0x0000000085a00000, 0x0000000085a00000, 0x0000000085b00000|  0%| F|  |TAMS 0x0000000085a00000, 0x0000000085a00000| Untracked 
|  71|0x0000000085b00000, 0x0000000085b00000, 0x0000000085c00000|  0%| F|  |TAMS 0x0000000085b00000, 0x0000000085b00000| Untracked 
|  72|0x0000000085c00000, 0x0000000085c00000, 0x0000000085d00000|  0%| F|  |TAMS 0x0000000085c00000, 0x0000000085c00000| Untracked 
|  73|0x0000000085d00000, 0x0000000085d00000, 0x0000000085e00000|  0%| F|  |TAMS 0x0000000085d00000, 0x0000000085d00000| Untracked 
|  74|0x0000000085e00000, 0x0000000085e00000, 0x0000000085f00000|  0%| F|  |TAMS 0x0000000085e00000, 0x0000000085e00000| Untracked 
|  75|0x0000000085f00000, 0x0000000085f00000, 0x0000000086000000|  0%| F|  |TAMS 0x0000000085f00000, 0x0000000085f00000| Untracked 
|  76|0x0000000086000000, 0x0000000086000000, 0x0000000086100000|  0%| F|  |TAMS 0x0000000086000000, 0x0000000086000000| Untracked 
|  77|0x0000000086100000, 0x0000000086100000, 0x0000000086200000|  0%| F|  |TAMS 0x0000000086100000, 0x0000000086100000| Untracked 
|  78|0x0000000086200000, 0x0000000086200000, 0x0000000086300000|  0%| F|  |TAMS 0x0000000086200000, 0x0000000086200000| Untracked 
|  79|0x0000000086300000, 0x0000000086300000, 0x0000000086400000|  0%| F|  |TAMS 0x0000000086300000, 0x0000000086300000| Untracked 
|  80|0x0000000086400000, 0x0000000086400000, 0x0000000086500000|  0%| F|  |TAMS 0x0000000086400000, 0x0000000086400000| Untracked 
|  81|0x0000000086500000, 0x0000000086500000, 0x0000000086600000|  0%| F|  |TAMS 0x0000000086500000, 0x0000000086500000| Untracked 
|  82|0x0000000086600000, 0x0000000086600000, 0x0000000086700000|  0%| F|  |TAMS 0x0000000086600000, 0x0000000086600000| Untracked 
|  83|0x0000000086700000, 0x0000000086700000, 0x0000000086800000|  0%| F|  |TAMS 0x0000000086700000, 0x0000000086700000| Untracked 
|  84|0x0000000086800000, 0x0000000086800000, 0x0000000086900000|  0%| F|  |TAMS 0x0000000086800000, 0x0000000086800000| Untracked 
|  85|0x0000000086900000, 0x0000000086900000, 0x0000000086a00000|  0%| F|  |TAMS 0x0000000086900000, 0x0000000086900000| Untracked 
|  86|0x0000000086a00000, 0x0000000086a00000, 0x0000000086b00000|  0%| F|  |TAMS 0x0000000086a00000, 0x0000000086a00000| Untracked 
|  87|0x0000000086b00000, 0x0000000086b00000, 0x0000000086c00000|  0%| F|  |TAMS 0x0000000086b00000, 0x0000000086b00000| Untracked 
|  88|0x0000000086c00000, 0x0000000086c00000, 0x0000000086d00000|  0%| F|  |TAMS 0x0000000086c00000, 0x0000000086c00000| Untracked 
|  89|0x0000000086d00000, 0x0000000086d00000, 0x0000000086e00000|  0%| F|  |TAMS 0x0000000086d00000, 0x0000000086d00000| Untracked 
|  90|0x0000000086e00000, 0x0000000086e00000, 0x0000000086f00000|  0%| F|  |TAMS 0x0000000086e00000, 0x0000000086e00000| Untracked 
|  91|0x0000000086f00000, 0x0000000086f00000, 0x0000000087000000|  0%| F|  |TAMS 0x0000000086f00000, 0x0000000086f00000| Untracked 
|  92|0x0000000087000000, 0x0000000087000000, 0x0000000087100000|  0%| F|  |TAMS 0x0000000087000000, 0x0000000087000000| Untracked 
|  93|0x0000000087100000, 0x0000000087100000, 0x0000000087200000|  0%| F|  |TAMS 0x0000000087100000, 0x0000000087100000| Untracked 
|  94|0x0000000087200000, 0x0000000087200000, 0x0000000087300000|  0%| F|  |TAMS 0x0000000087200000, 0x0000000087200000| Untracked 
|  95|0x0000000087300000, 0x0000000087300000, 0x0000000087400000|  0%| F|  |TAMS 0x0000000087300000, 0x0000000087300000| Untracked 
|  96|0x0000000087400000, 0x0000000087400000, 0x0000000087500000|  0%| F|  |TAMS 0x0000000087400000, 0x0000000087400000| Untracked 
|  97|0x0000000087500000, 0x0000000087500000, 0x0000000087600000|  0%| F|  |TAMS 0x0000000087500000, 0x0000000087500000| Untracked 
|  98|0x0000000087600000, 0x0000000087600000, 0x0000000087700000|  0%| F|  |TAMS 0x0000000087600000, 0x0000000087600000| Untracked 
|  99|0x0000000087700000, 0x0000000087700000, 0x0000000087800000|  0%| F|  |TAMS 0x0000000087700000, 0x0000000087700000| Untracked 
| 100|0x0000000087800000, 0x0000000087800000, 0x0000000087900000|  0%| F|  |TAMS 0x0000000087800000, 0x0000000087800000| Untracked 
| 101|0x0000000087900000, 0x0000000087900000, 0x0000000087a00000|  0%| F|  |TAMS 0x0000000087900000, 0x0000000087900000| Untracked 
| 102|0x0000000087a00000, 0x0000000087a00000, 0x0000000087b00000|  0%| F|  |TAMS 0x0000000087a00000, 0x0000000087a00000| Untracked 
| 103|0x0000000087b00000, 0x0000000087b00000, 0x0000000087c00000|  0%| F|  |TAMS 0x0000000087b00000, 0x0000000087b00000| Untracked 
| 104|0x0000000087c00000, 0x0000000087c00000, 0x0000000087d00000|  0%| F|  |TAMS 0x0000000087c00000, 0x0000000087c00000| Untracked 
| 105|0x0000000087d00000, 0x0000000087d00000, 0x0000000087e00000|  0%| F|  |TAMS 0x0000000087d00000, 0x0000000087d00000| Untracked 
| 106|0x0000000087e00000, 0x0000000087e00000, 0x0000000087f00000|  0%| F|  |TAMS 0x0000000087e00000, 0x0000000087e00000| Untracked 
| 107|0x0000000087f00000, 0x0000000087f00000, 0x0000000088000000|  0%| F|  |TAMS 0x0000000087f00000, 0x0000000087f00000| Untracked 
| 108|0x0000000088000000, 0x0000000088000000, 0x0000000088100000|  0%| F|  |TAMS 0x0000000088000000, 0x0000000088000000| Untracked 
| 109|0x0000000088100000, 0x0000000088100000, 0x0000000088200000|  0%| F|  |TAMS 0x0000000088100000, 0x0000000088100000| Untracked 
| 110|0x0000000088200000, 0x0000000088200000, 0x0000000088300000|  0%| F|  |TAMS 0x0000000088200000, 0x0000000088200000| Untracked 
| 111|0x0000000088300000, 0x0000000088300000, 0x0000000088400000|  0%| F|  |TAMS 0x0000000088300000, 0x0000000088300000| Untracked 
| 112|0x0000000088400000, 0x0000000088400000, 0x0000000088500000|  0%| F|  |TAMS 0x0000000088400000, 0x0000000088400000| Untracked 
| 113|0x0000000088500000, 0x0000000088600000, 0x0000000088600000|100%| E|  |TAMS 0x0000000088500000, 0x0000000088500000| Complete 
| 114|0x0000000088600000, 0x0000000088700000, 0x0000000088700000|100%| E|CS|TAMS 0x0000000088600000, 0x0000000088600000| Complete 
| 115|0x0000000088700000, 0x0000000088800000, 0x0000000088800000|100%| E|CS|TAMS 0x0000000088700000, 0x0000000088700000| Complete 
| 116|0x0000000088800000, 0x0000000088900000, 0x0000000088900000|100%| E|  |TAMS 0x0000000088800000, 0x0000000088800000| Complete 
| 117|0x0000000088900000, 0x0000000088a00000, 0x0000000088a00000|100%| E|CS|TAMS 0x0000000088900000, 0x0000000088900000| Complete 
| 118|0x0000000088a00000, 0x0000000088b00000, 0x0000000088b00000|100%| E|CS|TAMS 0x0000000088a00000, 0x0000000088a00000| Complete 
| 119|0x0000000088b00000, 0x0000000088c00000, 0x0000000088c00000|100%| E|CS|TAMS 0x0000000088b00000, 0x0000000088b00000| Complete 
| 120|0x0000000088c00000, 0x0000000088d00000, 0x0000000088d00000|100%| E|CS|TAMS 0x0000000088c00000, 0x0000000088c00000| Complete 
| 121|0x0000000088d00000, 0x0000000088e00000, 0x0000000088e00000|100%| E|CS|TAMS 0x0000000088d00000, 0x0000000088d00000| Complete 
| 122|0x0000000088e00000, 0x0000000088f00000, 0x0000000088f00000|100%| E|CS|TAMS 0x0000000088e00000, 0x0000000088e00000| Complete 
| 123|0x0000000088f00000, 0x0000000089000000, 0x0000000089000000|100%| E|CS|TAMS 0x0000000088f00000, 0x0000000088f00000| Complete 
| 124|0x0000000089000000, 0x0000000089100000, 0x0000000089100000|100%| E|CS|TAMS 0x0000000089000000, 0x0000000089000000| Complete 
| 125|0x0000000089100000, 0x0000000089200000, 0x0000000089200000|100%| E|CS|TAMS 0x0000000089100000, 0x0000000089100000| Complete 
| 126|0x0000000089200000, 0x0000000089300000, 0x0000000089300000|100%| E|CS|TAMS 0x0000000089200000, 0x0000000089200000| Complete 
| 127|0x0000000089300000, 0x0000000089400000, 0x0000000089400000|100%| E|CS|TAMS 0x0000000089300000, 0x0000000089300000| Complete 

Card table byte_map: [0x0000025871f00000,0x0000025872300000] _byte_map_base: 0x0000025871af6000

Marking Bits (Prev, Next): (CMBitMap*) 0x00000258699014c0, (CMBitMap*) 0x0000025869901500
 Prev Bits: [0x0000025872700000, 0x00000258746b0000)
 Next Bits: [0x00000258746b0000, 0x0000025876660000)

Polling page: 0x0000025869040000

Metaspace:

Usage:
  Non-class:      4.15 MB used.
      Class:    390.77 KB used.
       Both:      4.54 MB used.

Virtual space:
  Non-class space:       64.00 MB reserved,       4.25 MB (  7%) committed,  1 nodes.
      Class space:        1.00 GB reserved,     448.00 KB ( <1%) committed,  1 nodes.
             Both:        1.06 GB reserved,       4.69 MB ( <1%) committed. 

Chunk freelists:
   Non-Class:  2.94 MB
       Class:  3.51 MB
        Both:  6.44 MB

MaxMetaspaceSize: unlimited
CompressedClassSpaceSize: 1.00 GB
Initial GC threshold: 21.00 MB
Current GC threshold: 21.00 MB
CDS: on
MetaspaceReclaimPolicy: balanced
 - commit_granule_bytes: 65536.
 - commit_granule_words: 8192.
 - virtual_space_node_default_size: 8388608.
 - enlarge_chunks_in_place: 1.
 - new_chunks_are_fully_committed: 0.
 - uncommit_free_chunks: 1.
 - use_allocation_guard: 0.


Internal statistics:

num_allocs_failed_limit: 0.
num_arena_births: 84.
num_arena_deaths: 0.
num_vsnodes_births: 2.
num_vsnodes_deaths: 0.
num_space_committed: 75.
num_space_uncommitted: 0.
num_chunks_returned_to_freelist: 0.
num_chunks_taken_from_freelist: 147.
num_chunk_merges: 0.
num_chunk_splits: 94.
num_chunks_enlarged: 61.
num_inconsistent_stats: 0.

CodeHeap 'non-profiled nmethods': size=120000Kb used=300Kb max_used=300Kb free=119699Kb
 bounds [0x0000025807ad0000, 0x0000025807d40000, 0x000002580f000000]
CodeHeap 'profiled nmethods': size=120000Kb used=1377Kb max_used=1377Kb free=118622Kb
 bounds [0x0000025800000000, 0x0000025800270000, 0x0000025807530000]
CodeHeap 'non-nmethods': size=5760Kb used=1330Kb max_used=1352Kb free=4429Kb
 bounds [0x0000025807530000, 0x00000258077a0000, 0x0000025807ad0000]
 total_blobs=1335 nmethods=855 adapters=391
 compilation: enabled
              stopped_count=0, restarted_count=0
 full_count=0

Compilation events (20 events):
Event: 1.560 Thread 0x000002587d405cb0 nmethod 804 0x0000025807b17190 code [0x0000025807b173a0, 0x0000025807b18680]
Event: 1.561 Thread 0x000002587d40ade0 nmethod 847 0x0000025807b19190 code [0x0000025807b19320, 0x0000025807b193f8]
Event: 1.561 Thread 0x000002587d40ade0  846       3       java.lang.reflect.ReflectAccess::copyField (5 bytes)
Event: 1.562 Thread 0x000002587d40ade0 nmethod 846 0x0000025800152610 code [0x00000258001527c0, 0x0000025800152908]
Event: 1.562 Thread 0x000002587d40ade0  840       3       org.eclipse.jdt.launching.internal.org.objectweb.asm.Attribute::putAttributes (78 bytes)
Event: 1.564 Thread 0x000002587d40ade0 nmethod 840 0x0000025800152a10 code [0x0000025800152c60, 0x0000025800153158]
Event: 1.565 Thread 0x000002587d40ade0  833       3       org.eclipse.jdt.launching.internal.org.objectweb.asm.FieldVisitor::<init> (94 bytes)
Event: 1.566 Thread 0x000002587d405cb0  823       4       java.lang.AbstractStringBuilder::append (45 bytes)
Event: 1.568 Thread 0x000002587d40ade0 nmethod 833 0x0000025800153410 code [0x0000025800153660, 0x0000025800153ef8]
Event: 1.568 Thread 0x000002587d40ade0  849       3       java.io.WinNTFileSystem::prefixLength (91 bytes)
Event: 1.571 Thread 0x000002587d40ade0 nmethod 849 0x0000025800154210 code [0x0000025800154520, 0x0000025800155978]
Event: 1.571 Thread 0x000002587d40ade0  848       1       java.net.URLStreamHandler::getDefaultPort (2 bytes)
Event: 1.571 Thread 0x000002587d40ade0 nmethod 848 0x0000025807b19490 code [0x0000025807b19620, 0x0000025807b196f8]
Event: 1.573 Thread 0x000002587d40ade0  851       3       jdk.internal.jimage.ImageStringsReader::hashCode (33 bytes)
Event: 1.573 Thread 0x000002587d40ade0 nmethod 851 0x0000025800156010 code [0x00000258001561c0, 0x0000025800156338]
Event: 1.573 Thread 0x000002587d40ade0  852   !   3       java.nio.DirectIntBufferU::get (34 bytes)
Event: 1.574 Thread 0x000002587d40ade0 nmethod 852 0x0000025800156410 code [0x0000025800156660, 0x0000025800157058]
Event: 1.574 Thread 0x000002587d40ade0  853       3       java.nio.DirectIntBufferU::ix (10 bytes)
Event: 1.574 Thread 0x000002587d40ade0 nmethod 853 0x0000025800157590 code [0x0000025800157720, 0x0000025800157838]
Event: 1.574 Thread 0x000002587d40ade0  854   !   3       jdk.internal.misc.ScopedMemoryAccess::getInt (16 bytes)

GC Heap History (0 events):
No events

Dll operation events (10 events):
Event: 0.072 Loaded shared library C:\Program Files\Java\jdk-19\bin\java.dll
Event: 0.093 Loaded shared library C:\Program Files\Java\jdk-19\bin\jsvml.dll
Event: 0.716 Loaded shared library C:\Program Files\Java\jdk-19\bin\zip.dll
Event: 0.722 Loaded shared library C:\Program Files\Java\jdk-19\bin\instrument.dll
Event: 0.732 Loaded shared library C:\Program Files\Java\jdk-19\bin\net.dll
Event: 0.733 Loaded shared library C:\Program Files\Java\jdk-19\bin\nio.dll
Event: 0.737 Loaded shared library C:\Program Files\Java\jdk-19\bin\zip.dll
Event: 1.023 Loaded shared library C:\Program Files\Java\jdk-19\bin\jimage.dll
Event: 1.125 Loaded shared library C:\Program Files\Java\jdk-19\bin\verify.dll
Event: 1.484 Loaded shared library C:\Users\nilsw\AppData\Local\Temp\lwjglnilsw\3.3.1-build-7\lwjgl.dll

Deoptimization events (20 events):
Event: 1.171 Thread 0x00000258698a1590 DEOPT PACKING pc=0x0000025800081bd3 sp=0x0000008e9cef7f40
Event: 1.171 Thread 0x00000258698a1590 DEOPT UNPACKING pc=0x0000025807597543 sp=0x0000008e9cef73a8 mode 0
Event: 1.172 Thread 0x00000258698a1590 DEOPT PACKING pc=0x0000025800081bd3 sp=0x0000008e9cef7f40
Event: 1.172 Thread 0x00000258698a1590 DEOPT UNPACKING pc=0x0000025807597543 sp=0x0000008e9cef73a8 mode 0
Event: 1.266 Thread 0x00000258698a1590 Uncommon trap: trap_request=0xffffff45 fr.pc=0x0000025807afe144 relative=0x00000000000006c4
Event: 1.266 Thread 0x00000258698a1590 Uncommon trap: reason=unstable_if action=reinterpret pc=0x0000025807afe144 method=java.util.regex.Matcher.search(I)Z @ 30 c2
Event: 1.266 Thread 0x00000258698a1590 DEOPT PACKING pc=0x0000025807afe144 sp=0x0000008e9cefebd0
Event: 1.266 Thread 0x00000258698a1590 DEOPT UNPACKING pc=0x0000025807596da3 sp=0x0000008e9cefebc0 mode 2
Event: 1.274 Thread 0x00000258698a1590 Uncommon trap: trap_request=0xffffff45 fr.pc=0x0000025807aeec00 relative=0x0000000000000060
Event: 1.274 Thread 0x00000258698a1590 Uncommon trap: reason=unstable_if action=reinterpret pc=0x0000025807aeec00 method=java.lang.AbstractStringBuilder.isLatin1()Z @ 10 c2
Event: 1.274 Thread 0x00000258698a1590 DEOPT PACKING pc=0x0000025807aeec00 sp=0x0000008e9ceff190
Event: 1.274 Thread 0x00000258698a1590 DEOPT UNPACKING pc=0x0000025807596da3 sp=0x0000008e9ceff130 mode 2
Event: 1.285 Thread 0x00000258698a1590 Uncommon trap: trap_request=0xffffff45 fr.pc=0x0000025807ae1680 relative=0x0000000000000060
Event: 1.285 Thread 0x00000258698a1590 Uncommon trap: reason=unstable_if action=reinterpret pc=0x0000025807ae1680 method=java.lang.String.isLatin1()Z @ 10 c2
Event: 1.285 Thread 0x00000258698a1590 DEOPT PACKING pc=0x0000025807ae1680 sp=0x0000008e9cefee50
Event: 1.285 Thread 0x00000258698a1590 DEOPT UNPACKING pc=0x0000025807596da3 sp=0x0000008e9cefedf0 mode 2
Event: 1.286 Thread 0x00000258698a1590 Uncommon trap: trap_request=0xffffff45 fr.pc=0x0000025807ae8868 relative=0x0000000000000048
Event: 1.286 Thread 0x00000258698a1590 Uncommon trap: reason=unstable_if action=reinterpret pc=0x0000025807ae8868 method=java.lang.CharacterData.of(I)Ljava/lang/CharacterData; @ 4 c2
Event: 1.286 Thread 0x00000258698a1590 DEOPT PACKING pc=0x0000025807ae8868 sp=0x0000008e9cefe980
Event: 1.286 Thread 0x00000258698a1590 DEOPT UNPACKING pc=0x0000025807596da3 sp=0x0000008e9cefe920 mode 2

Classes loaded (20 events):
Event: 1.492 Loading class java/nio/DirectDoubleBufferU
Event: 1.492 Loading class java/nio/DirectDoubleBufferU done
Event: 1.492 Loading class sun/misc/Unsafe
Event: 1.492 Loading class sun/misc/Unsafe done
Event: 1.493 Loading class java/lang/invoke/DirectMethodHandle$StaticAccessor
Event: 1.493 Loading class java/lang/invoke/DirectMethodHandle$StaticAccessor done
Event: 1.500 Loading class java/util/function/LongPredicate
Event: 1.500 Loading class java/util/function/LongPredicate done
Event: 1.504 Loading class java/lang/foreign/MemorySegment
Event: 1.504 Loading class java/lang/foreign/Addressable
Event: 1.504 Loading class java/lang/foreign/Addressable done
Event: 1.504 Loading class java/lang/foreign/MemorySegment done
Event: 1.511 Loading class java/nio/InvalidMarkException
Event: 1.511 Loading class java/nio/InvalidMarkException done
Event: 1.512 Loading class java/nio/BufferUnderflowException
Event: 1.512 Loading class java/nio/BufferUnderflowException done
Event: 1.561 Loading class java/lang/NoSuchFieldError
Event: 1.562 Loading class java/lang/NoSuchFieldError done
Event: 1.573 Loading class jdk/internal/reflect/MethodHandleIntegerFieldAccessorImpl
Event: 1.573 Loading class jdk/internal/reflect/MethodHandleIntegerFieldAccessorImpl done

Classes unloaded (0 events):
No events

Classes redefined (0 events):
No events

Internal exceptions (20 events):
Event: 1.082 Thread 0x00000258698a1590 Exception <a 'java/lang/NoSuchMethodError'{0x0000000088e54350}: 'void java.lang.invoke.DirectMethodHandle$Holder.invokeStatic(java.lang.Object, java.lang.Object, java.lang.Object)'> (0x0000000088e54350) 
thrown [s\open\src\hotspot\share\interpreter\linkResolver.cpp, line 774]
Event: 1.089 Thread 0x00000258698a1590 Exception <a 'java/lang/NoSuchMethodError'{0x0000000088e67d90}: 'java.lang.Object java.lang.invoke.Invokers$Holder.invokeExact_MT(java.lang.Object, java.lang.Object, java.lang.Object, java.lang.Object, java.lang.Object)'> (0x0000000088e67d90) 
thrown [s\open\src\hotspot\share\interpreter\linkResolver.cpp, line 774]
Event: 1.390 Thread 0x00000258698a1590 Exception <a 'java/lang/NoSuchMethodError'{0x0000000088964998}: 'java.lang.Object java.lang.invoke.DirectMethodHandle$Holder.invokeStaticInit(java.lang.Object)'> (0x0000000088964998) 
thrown [s\open\src\hotspot\share\interpreter\linkResolver.cpp, line 774]
Event: 1.416 Thread 0x00000258698a1590 Exception <a 'java/lang/NoSuchMethodError'{0x000000008881abd8}: 'void java.lang.invoke.DirectMethodHandle$Holder.invokeStatic(java.lang.Object, java.lang.Object)'> (0x000000008881abd8) 
thrown [s\open\src\hotspot\share\interpreter\linkResolver.cpp, line 774]
Event: 1.418 Thread 0x00000258698a1590 Exception <a 'java/lang/NoSuchMethodError'{0x0000000088822748}: 'void java.lang.System.load(java.lang.String, java.lang.Class)'> (0x0000000088822748) 
thrown [s\open\src\hotspot\share\interpreter\linkResolver.cpp, line 774]
Event: 1.418 Thread 0x00000258698a1590 Exception <a 'java/lang/NoSuchMethodError'{0x0000000088823148}: 'void java.lang.invoke.DirectMethodHandle$Holder.invokeSpecial(java.lang.Object, java.lang.Object, java.lang.Object)'> (0x0000000088823148) 
thrown [s\open\src\hotspot\share\interpreter\linkResolver.cpp, line 774]
Event: 1.422 Thread 0x00000258698a1590 Exception <a 'java/lang/NoSuchMethodError'{0x0000000088837780}: 'java.lang.Object java.lang.invoke.DirectMethodHandle$Holder.invokeStatic(java.lang.Object, java.lang.Object, int)'> (0x0000000088837780) 
thrown [s\open\src\hotspot\share\interpreter\linkResolver.cpp, line 774]
Event: 1.424 Thread 0x00000258698a1590 Exception <a 'java/lang/NoSuchMethodError'{0x0000000088843500}: 'void java.lang.invoke.DelegatingMethodHandle$Holder.delegate(java.lang.Object, java.lang.Object, int, java.lang.Object)'> (0x0000000088843500) 
thrown [s\open\src\hotspot\share\interpreter\linkResolver.cpp, line 774]
Event: 1.425 Thread 0x00000258698a1590 Exception <a 'java/lang/NoSuchMethodError'{0x0000000088847550}: 'int java.lang.invoke.DirectMethodHandle$Holder.invokeSpecial(java.lang.Object, java.lang.Object, java.lang.Object)'> (0x0000000088847550) 
thrown [s\open\src\hotspot\share\interpreter\linkResolver.cpp, line 774]
Event: 1.436 Thread 0x00000258698a1590 Exception <a 'java/lang/NoSuchMethodError'{0x0000000088864bc8}: 'void java.lang.System.loadLibrary(java.lang.String, java.lang.Class)'> (0x0000000088864bc8) 
thrown [s\open\src\hotspot\share\interpreter\linkResolver.cpp, line 774]
Event: 1.479 Thread 0x00000258698a1590 Exception <a 'sun/nio/fs/WindowsException'{0x0000000088740230}> (0x0000000088740230) 
thrown [s\open\src\hotspot\share\prims\jni.cpp, line 517]
Event: 1.480 Thread 0x00000258698a1590 Exception <a 'sun/nio/fs/WindowsException'{0x0000000088741858}> (0x0000000088741858) 
thrown [s\open\src\hotspot\share\prims\jni.cpp, line 517]
Event: 1.501 Thread 0x00000258698a1590 Exception <a 'java/lang/NoSuchMethodError'{0x00000000887d14c8}: 'int java.lang.invoke.DirectMethodHandle$Holder.invokeStaticInit(java.lang.Object, java.lang.Object, int, long)'> (0x00000000887d14c8) 
thrown [s\open\src\hotspot\share\interpreter\linkResolver.cpp, line 774]
Event: 1.502 Thread 0x00000258698a1590 Exception <a 'java/lang/NoSuchMethodError'{0x00000000887d6d98}: 'java.lang.Object java.lang.invoke.DirectMethodHandle$Holder.newInvokeSpecial(java.lang.Object, java.lang.Object, int)'> (0x00000000887d6d98) 
thrown [s\open\src\hotspot\share\interpreter\linkResolver.cpp, line 774]
Event: 1.506 Thread 0x00000258698a1590 Exception <a 'java/lang/NoSuchMethodError'{0x00000000887f48f0}: 'int java.lang.invoke.DirectMethodHandle$Holder.invokeStaticInit(java.lang.Object, java.lang.Object, long, long)'> (0x00000000887f48f0) 
thrown [s\open\src\hotspot\share\interpreter\linkResolver.cpp, line 774]
Event: 1.508 Thread 0x00000258698a1590 Exception <a 'java/lang/NoSuchMethodError'{0x00000000887fada8}: 'java.lang.Object java.lang.invoke.DirectMethodHandle$Holder.newInvokeSpecial(java.lang.Object, java.lang.Object, long)'> (0x00000000887fada8) 
thrown [s\open\src\hotspot\share\interpreter\linkResolver.cpp, line 774]
Event: 1.508 Thread 0x00000258698a1590 Exception <a 'java/lang/NoSuchMethodError'{0x00000000887fee08}: 'java.lang.Object java.lang.invoke.Invokers$Holder.linkToTargetMethod(java.lang.Object, long, java.lang.Object)'> (0x00000000887fee08) 
thrown [s\open\src\hotspot\share\interpreter\linkResolver.cpp, line 774]
Event: 1.510 Thread 0x00000258698a1590 Exception <a 'java/lang/NoSuchMethodError'{0x0000000088606850}: 'int java.lang.invoke.DirectMethodHandle$Holder.invokeStaticInit(java.lang.Object, java.lang.Object, java.lang.Object, long)'> (0x0000000088606850) 
thrown [s\open\src\hotspot\share\interpreter\linkResolver.cpp, line 774]
Event: 1.560 Thread 0x00000258698a1590 Exception <a 'sun/nio/fs/WindowsException'{0x00000000885bb700}> (0x00000000885bb700) 
thrown [s\open\src\hotspot\share\prims\jni.cpp, line 517]
Event: 1.560 Thread 0x00000258698a1590 Exception <a 'sun/nio/fs/WindowsException'{0x00000000885bba60}> (0x00000000885bba60) 
thrown [s\open\src\hotspot\share\prims\jni.cpp, line 517]

VM Operations (14 events):
Event: 0.181 Executing VM operation: HandshakeAllThreads
Event: 0.181 Executing VM operation: HandshakeAllThreads done
Event: 0.225 Executing VM operation: ChangeBreakpoints
Event: 0.225 Executing VM operation: ChangeBreakpoints done
Event: 0.576 Executing VM operation: ChangeBreakpoints
Event: 0.576 Executing VM operation: ChangeBreakpoints done
Event: 1.286 Executing VM operation: HandshakeAllThreads
Event: 1.286 Executing VM operation: HandshakeAllThreads done
Event: 1.289 Executing VM operation: HandshakeAllThreads
Event: 1.289 Executing VM operation: HandshakeAllThreads done
Event: 1.303 Executing VM operation: HandshakeAllThreads
Event: 1.303 Executing VM operation: HandshakeAllThreads done
Event: 1.465 Executing VM operation: HandshakeAllThreads
Event: 1.465 Executing VM operation: HandshakeAllThreads done

Events (16 events):
Event: 0.093 Thread 0x00000258698a1590 Thread added: 0x00000258698a1590
Event: 0.117 Thread 0x0000025878a70730 Thread added: 0x0000025878a70730
Event: 0.117 Thread 0x0000025878a71260 Thread added: 0x0000025878a71260
Event: 0.117 Thread 0x0000025878a79600 Thread added: 0x0000025878a79600
Event: 0.118 Thread 0x0000025878a7bf40 Thread added: 0x0000025878a7bf40
Event: 0.118 Thread 0x0000025878a7e880 Thread added: 0x0000025878a7e880
Event: 0.118 Thread 0x000002587d4013b0 Thread added: 0x000002587d4013b0
Event: 0.118 Thread 0x000002587d405cb0 Thread added: 0x000002587d405cb0
Event: 0.118 Thread 0x000002587d40ade0 Thread added: 0x000002587d40ade0
Event: 0.118 Thread 0x000002587d4146c0 Thread added: 0x000002587d4146c0
Event: 0.170 Thread 0x000002587d510950 Thread added: 0x000002587d510950
Event: 0.224 Thread 0x000002587d7076e0 Thread added: 0x000002587d7076e0
Event: 0.224 Thread 0x000002587d5c2070 Thread added: 0x000002587d5c2070
Event: 0.225 Thread 0x000002587d5c4540 Thread added: 0x000002587d5c4540
Event: 1.054 Thread 0x000002587d7dc020 Thread added: 0x000002587d7dc020
Event: 1.110 Thread 0x000002587d512e80 Thread added: 0x000002587d512e80


Dynamic libraries:
0x00007ff733e10000 - 0x00007ff733e20000 	C:\Program Files\Java\jdk-19\bin\javaw.exe
0x00007ffa80830000 - 0x00007ffa80a4a000 	C:\WINDOWS\SYSTEM32\ntdll.dll
0x00007ffa7ed30000 - 0x00007ffa7edf3000 	C:\WINDOWS\System32\KERNEL32.DLL
0x00007ffa7e190000 - 0x00007ffa7e52c000 	C:\WINDOWS\System32\KERNELBASE.dll
0x00007ffa7acc0000 - 0x00007ffa7ad56000 	C:\WINDOWS\SYSTEM32\apphelp.dll
0x000000006cb60000 - 0x000000006cc0f000 	C:\ProgramData\Symantec\Symantec Endpoint Protection\14.3.5427.3000.105\Data\Sysfer\x64\sysfer.dll
0x00007ffa7dc10000 - 0x00007ffa7dd2b000 	C:\WINDOWS\System32\ucrtbase.dll
0x00007ffa6cd80000 - 0x00007ffa6cd98000 	C:\Program Files\Java\jdk-19\bin\jli.dll
0x00007ffa65d60000 - 0x00007ffa65d7b000 	C:\Program Files\Java\jdk-19\bin\VCRUNTIME140.dll
0x00007ffa7eba0000 - 0x00007ffa7ec4e000 	C:\WINDOWS\System32\ADVAPI32.dll
0x00007ffa7eac0000 - 0x00007ffa7eb67000 	C:\WINDOWS\System32\msvcrt.dll
0x00007ffa7e7d0000 - 0x00007ffa7e876000 	C:\WINDOWS\System32\sechost.dll
0x00007ffa7e910000 - 0x00007ffa7ea37000 	C:\WINDOWS\System32\RPCRT4.dll
0x00007ffa80450000 - 0x00007ffa805fa000 	C:\WINDOWS\System32\USER32.dll
0x00007ffa7de50000 - 0x00007ffa7de76000 	C:\WINDOWS\System32\win32u.dll
0x00007ffa7e5f0000 - 0x00007ffa7e619000 	C:\WINDOWS\System32\GDI32.dll
0x00007ffa5b1a0000 - 0x00007ffa5b431000 	C:\WINDOWS\WinSxS\amd64_microsoft.windows.common-controls_6595b64144ccf1df_6.0.25236.1000_none_7a88bdfad9396379\COMCTL32.dll
0x00007ffa7dd30000 - 0x00007ffa7de46000 	C:\WINDOWS\System32\gdi32full.dll
0x00007ffa7def0000 - 0x00007ffa7df8a000 	C:\WINDOWS\System32\msvcp_win.dll
0x00007ffa73370000 - 0x00007ffa7337a000 	C:\WINDOWS\SYSTEM32\VERSION.dll
0x00007ffa7ee00000 - 0x00007ffa7ee30000 	C:\WINDOWS\System32\IMM32.DLL
0x00007ffa79080000 - 0x00007ffa7908c000 	C:\Program Files\Java\jdk-19\bin\vcruntime140_1.dll
0x00007ffa64ea0000 - 0x00007ffa64f2e000 	C:\Program Files\Java\jdk-19\bin\msvcp140.dll
0x00007ff9ff140000 - 0x00007ff9ffe00000 	C:\Program Files\Java\jdk-19\bin\server\jvm.dll
0x00007ffa65340000 - 0x00007ffa65349000 	C:\WINDOWS\SYSTEM32\WSOCK32.dll
0x00007ffa80700000 - 0x00007ffa8076f000 	C:\WINDOWS\System32\WS2_32.dll
0x00007ffa6bed0000 - 0x00007ffa6bf05000 	C:\WINDOWS\SYSTEM32\WINMM.dll
0x00007ffa7cb70000 - 0x00007ffa7cb88000 	C:\WINDOWS\SYSTEM32\kernel.appcore.dll
0x00007ffa72950000 - 0x00007ffa7295a000 	C:\Program Files\Java\jdk-19\bin\jimage.dll
0x00007ffa7b5b0000 - 0x00007ffa7b7e3000 	C:\WINDOWS\SYSTEM32\DBGHELP.DLL
0x00007ffa7ef40000 - 0x00007ffa7f2c2000 	C:\WINDOWS\System32\combase.dll
0x00007ffa801b0000 - 0x00007ffa80288000 	C:\WINDOWS\System32\OLEAUT32.dll
0x00007ffa5f020000 - 0x00007ffa5f052000 	C:\WINDOWS\SYSTEM32\dbgcore.DLL
0x00007ffa7df90000 - 0x00007ffa7e009000 	C:\WINDOWS\System32\bcryptPrimitives.dll
0x00007ffa4ede0000 - 0x00007ffa4ee1c000 	C:\Program Files\Java\jdk-19\bin\jdwp.dll
0x00007ffa7b820000 - 0x00007ffa7b82e000 	C:\Program Files\Java\jdk-19\bin\instrument.dll
0x00007ffa64440000 - 0x00007ffa64466000 	C:\Program Files\Java\jdk-19\bin\java.dll
0x00007ffa4faf0000 - 0x00007ffa4fbc7000 	C:\Program Files\Java\jdk-19\bin\jsvml.dll
0x00007ffa7f900000 - 0x00007ffa800ec000 	C:\WINDOWS\System32\SHELL32.dll
0x00007ffa7bb20000 - 0x00007ffa7c3b8000 	C:\WINDOWS\SYSTEM32\windows.storage.dll
0x00007ffa7b990000 - 0x00007ffa7bb1d000 	C:\WINDOWS\SYSTEM32\wintypes.dll
0x00007ffa80600000 - 0x00007ffa806eb000 	C:\WINDOWS\System32\SHCORE.dll
0x00007ffa80780000 - 0x00007ffa807de000 	C:\WINDOWS\System32\shlwapi.dll
0x00007ffa7db30000 - 0x00007ffa7db51000 	C:\WINDOWS\SYSTEM32\profapi.dll
0x00007ffa6e1d0000 - 0x00007ffa6e1dc000 	C:\Program Files\Java\jdk-19\bin\dt_socket.dll
0x00007ffa7c610000 - 0x00007ffa7c63e000 	C:\WINDOWS\SYSTEM32\IPHLPAPI.DLL
0x00007ffa7d000000 - 0x00007ffa7d069000 	C:\WINDOWS\system32\mswsock.dll
0x00007ffa7c680000 - 0x00007ffa7c77d000 	C:\WINDOWS\SYSTEM32\DNSAPI.dll
0x00007ffa806f0000 - 0x00007ffa806f9000 	C:\WINDOWS\System32\NSI.dll
0x00007ffa69d10000 - 0x00007ffa69d1a000 	C:\Windows\System32\rasadhlp.dll
0x00007ffa6b3e0000 - 0x00007ffa6b464000 	C:\WINDOWS\System32\fwpuclnt.dll
0x00007ffa64e80000 - 0x00007ffa64e98000 	C:\Program Files\Java\jdk-19\bin\zip.dll
0x00007ffa65d40000 - 0x00007ffa65d53000 	C:\Program Files\Java\jdk-19\bin\net.dll
0x00007ffa6df70000 - 0x00007ffa6e09e000 	C:\WINDOWS\SYSTEM32\WINHTTP.dll
0x00007ffa65230000 - 0x00007ffa65246000 	C:\Program Files\Java\jdk-19\bin\nio.dll
0x00007ffa62e20000 - 0x00007ffa62e30000 	C:\Program Files\Java\jdk-19\bin\verify.dll
0x00007ffa416d0000 - 0x00007ffa41745000 	C:\Users\nilsw\AppData\Local\Temp\lwjglnilsw\3.3.1-build-7\lwjgl.dll
0x00007ffa41b90000 - 0x00007ffa41bf1000 	C:\Users\nilsw\AppData\Local\Temp\lwjglnilsw\3.3.1-build-7\glfw.dll

dbghelp: loaded successfully - version: 4.0.5 - missing functions: none
symbol engine: initialized successfully - sym options: 0x614 - pdb path: .;C:\Program Files\Java\jdk-19\bin;C:\WINDOWS\SYSTEM32;C:\ProgramData\Symantec\Symantec Endpoint Protection\14.3.5427.3000.105\Data\Sysfer\x64;C:\WINDOWS\WinSxS\amd64_microsoft.windows.common-controls_6595b64144ccf1df_6.0.25236.1000_none_7a88bdfad9396379;C:\Program Files\Java\jdk-19\bin\server;C:\Users\nilsw\AppData\Local\Temp\lwjglnilsw\3.3.1-build-7

VM Arguments:
jvm_args: -XX:+ShowCodeDetailsInExceptionMessages -agentlib:jdwp=transport=dt_socket,suspend=y,address=localhost:54352 -javaagent:C:\Users\nilsw\eclipse\java-2022-09\eclipse\configuration\org.eclipse.osgi\228\0\.cp\lib\javaagent-shaded.jar -Dfile.encoding=UTF-8 
java_command: game.main.Launcher
java_class_path (initial): C:\Users\nilsw\Documents\programmeren\java\lwjgl-leren\bin;C:\Users\nilsw\Documents\programmeren\java\libraries\LWJGL\joml-1.10.5.jar;C:\Users\nilsw\Documents\programmeren\java\libraries\LWJGL\lwjgl.jar;C:\Users\nilsw\Documents\programmeren\java\libraries\LWJGL\lwjgl-assimp.jar;C:\Users\nilsw\Documents\programmeren\java\libraries\LWJGL\lwjgl-assimp-javadoc.jar;C:\Users\nilsw\Documents\programmeren\java\libraries\LWJGL\lwjgl-assimp-natives-windows.jar;C:\Users\nilsw\Documents\programmeren\java\libraries\LWJGL\lwjgl-assimp-sources.jar;C:\Users\nilsw\Documents\programmeren\java\libraries\LWJGL\lwjgl-glfw.jar;C:\Users\nilsw\Documents\programmeren\java\libraries\LWJGL\lwjgl-glfw-javadoc.jar;C:\Users\nilsw\Documents\programmeren\java\libraries\LWJGL\lwjgl-glfw-natives-windows.jar;C:\Users\nilsw\Documents\programmeren\java\libraries\LWJGL\lwjgl-glfw-sources.jar;C:\Users\nilsw\Documents\programmeren\java\libraries\LWJGL\lwjgl-javadoc.jar;C:\Users\nilsw\Documents\programmeren\java\libraries\LWJGL\lwjgl-natives-windows.jar;C:\Users\nilsw\Documents\programmeren\java\libraries\LWJGL\lwjgl-openal.jar;C:\Users\nilsw\Documents\programmeren\java\libraries\LWJGL\lwjgl-openal-javadoc.jar;C:\Users\nilsw\Documents\programmeren\java\libraries\LWJGL\lwjgl-openal-natives-windows.jar;C:\Users\nilsw\Documents\programmeren\java\libraries\LWJGL\lwjgl-openal-sources.jar;C:\Users\nilsw\Documents\programmeren\java\libraries\LWJGL\lwjgl-opengl.jar;C:\Users\nilsw\Documents\programmeren\java\libraries\LWJGL\lwjgl-opengl-javadoc.jar;C:\Users\nilsw\Documents\programmeren\java\libraries\LWJGL\lwjgl-opengl-natives-windows.jar;C:\Users\nilsw\Documents\programmeren\java\libraries\LWJGL\lwjgl-opengl-sources.jar;C:\Users\nilsw\Documents\programmeren\java\libraries\LWJGL\lwjgl-sources.jar;C:\Users\nilsw\Documents\programmeren\java\libraries\LWJGL\lwjgl-stb.jar;C:\Users\nilsw\Documents\programmeren\java\libraries\LWJGL\lwjgl-stb-javadoc.jar;C:\Users\nilsw\Documents\programmeren\java\libraries\LWJGL\lwjgl-stb-natives-windows.jar;C:\Users\nilsw\Documents\programmeren\java\libraries\LWJGL\lwjgl-stb-sources.jar
Launcher Type: SUN_STANDARD

[Global flags]
     intx CICompilerCount                          = 4                                         {product} {ergonomic}
     uint ConcGCThreads                            = 2                                         {product} {ergonomic}
     uint G1ConcRefinementThreads                  = 8                                         {product} {ergonomic}
   size_t G1HeapRegionSize                         = 1048576                                   {product} {ergonomic}
    uintx GCDrainStackTargetSize                   = 64                                        {product} {ergonomic}
   size_t InitialHeapSize                          = 134217728                                 {product} {ergonomic}
   size_t MarkStackSize                            = 4194304                                   {product} {ergonomic}
   size_t MaxHeapSize                              = 2126512128                                {product} {ergonomic}
   size_t MaxNewSize                               = 1275068416                                {product} {ergonomic}
   size_t MinHeapDeltaBytes                        = 1048576                                   {product} {ergonomic}
   size_t MinHeapSize                              = 8388608                                   {product} {ergonomic}
    uintx NonNMethodCodeHeapSize                   = 5839372                                {pd product} {ergonomic}
    uintx NonProfiledCodeHeapSize                  = 122909434                              {pd product} {ergonomic}
    uintx ProfiledCodeHeapSize                     = 122909434                              {pd product} {ergonomic}
    uintx ReservedCodeCacheSize                    = 251658240                              {pd product} {ergonomic}
     bool SegmentedCodeCache                       = true                                      {product} {ergonomic}
     bool ShowCodeDetailsInExceptionMessages       = true                                   {manageable} {command line}
   size_t SoftMaxHeapSize                          = 2126512128                             {manageable} {ergonomic}
     bool UseCompressedClassPointers               = true                           {product lp64_product} {ergonomic}
     bool UseCompressedOops                        = true                           {product lp64_product} {ergonomic}
     bool UseG1GC                                  = true                                      {product} {ergonomic}
     bool UseLargePagesIndividualAllocation        = false                                  {pd product} {ergonomic}

Logging:
Log output configuration:
 #0: stdout all=warning uptime,level,tags foldmultilines=false
 #1: stderr all=off uptime,level,tags foldmultilines=false

Environment Variables:
PATH=C:\Program Files\Common Files\Oracle\Java\javapath;C:\Program Files (x86)\Common Files\Intel\Shared Libraries\redist\intel64\compiler;C:\Program Files (x86)\Common Files\Oracle\Java\javapath;C:\Windows\system32;C:\Windows;C:\Windows\System32\Wbem;C:\Windows\System32\WindowsPowerShell\v1.0\;C:\Windows\System32\OpenSSH\;C:\Program Files (x86)\NVIDIA Corporation\PhysX\Common;C:\Program Files\NVIDIA Corporation\NVIDIA NvDLISR;C:\Program Files\CMake\bin;C:\MinGW\bin;C:\Program Files\Sublime Text 3;C:\Program Files\Git\cmd;C:\Program Files\nodejs\;C:\WINDOWS\system32;C:\WINDOWS;C:\WINDOWS\System32\Wbem;C:\WINDOWS\System32\WindowsPowerShell\v1.0\;C:\WINDOWS\System32\OpenSSH\;C:\Users\nilsw\scoop\apps\oh-my-posh\current\bin;C:\Users\nilsw\AppData\Local\Programs\Python\Python310\Scripts\;C:\Users\nilsw\AppData\Local\Programs\Python\Python310\;C:\Users\nilsw\scoop\shims;C:\Users\nilsw\AppData\Local\Microsoft\WindowsApps;C:\Users\nilsw\AppData\Local\Programs\oh-my-posh\bin;C:\Users\nilsw\AppData\Local\Programs\Microsoft VS Code\bin;C:\Users\nilsw\AppData\Roaming\npm;C:\Program Files\JetBrains\IntelliJ IDEA Community Edition 2022.2.2\bin;;C:\Users\nilsw\AppData\Local\Microsoft\WindowsApps;
USERNAME=nilsw
OS=Windows_NT
PROCESSOR_IDENTIFIER=Intel64 Family 6 Model 142 Stepping 10, GenuineIntel
TMP=C:\Users\nilsw\AppData\Local\Temp
TEMP=C:\Users\nilsw\AppData\Local\Temp



---------------  S Y S T E M  ---------------

OS:
 Windows 11 , 64 bit Build 25236 (10.0.25236.1000)
OS uptime: 0 days 11:55 hours
Hyper-V role detected

CPU: total 8 (initial active 8) (4 cores per cpu, 2 threads per core) family 6 model 142 stepping 10 microcode 0xf0, cx8, cmov, fxsr, ht, mmx, 3dnowpref, sse, sse2, sse3, ssse3, sse4.1, sse4.2, popcnt, lzcnt, tsc, tscinvbit, avx, avx2, aes, erms, clmul, bmi1, bmi2, rtm, adx, fma, vzeroupper, clflush, clflushopt, hv, rdtscp

Memory: 4k page, system-wide physical 8109M (954M free)
TotalPageFile size 16301M (AvailPageFile size 4472M)
current process WorkingSet (physical memory assigned to process): 64M, peak: 65M
current process commit charge ("private bytes"): 221M, peak: 222M

vm_info: Java HotSpot(TM) 64-Bit Server VM (19+36-2238) for windows-amd64 JRE (19+36-2238), built on 2022-08-12T20:29:01Z by "mach5one" with MS VC++ 17.1 (VS2022)

END.
