#
# A fatal error has been detected by the Java Runtime Environment:
#
#  EXCEPTION_ACCESS_VIOLATION (0xc0000005) at pc=0x00007ffa4703e58a, pid=4528, tid=10512
#
# JRE version: Java(TM) SE Runtime Environment (19.0+36) (build 19+36-2238)
# Java VM: Java HotSpot(TM) 64-Bit Server VM (19+36-2238, mixed mode, sharing, tiered, compressed oops, compressed class ptrs, g1 gc, windows-amd64)
# Problematic frame:
# C  [lwjgl_opengl.dll+0xe58a]
#
# No core dump will be written. Minidumps are not enabled by default on client versions of Windows
#
# If you would like to submit a bug report, please visit:
#   https://bugreport.java.com/bugreport/crash.jsp
# The crash happened outside the Java Virtual Machine in native code.
# See problematic frame for where to report the bug.
#

---------------  S U M M A R Y ------------

Command Line: -Dfile.encoding=UTF-8 -XX:+ShowCodeDetailsInExceptionMessages game.main.Launcher

Host: Intel(R) Core(TM) i7-8650U CPU @ 1.90GHz, 8 cores, 7G,  Windows 11 , 64 bit Build 25236 (10.0.25236.1000)
Time: Thu Nov  3 20:39:09 2022 W. Europe Standard Time elapsed time: 0.579771 seconds (0d 0h 0m 0s)

---------------  T H R E A D  ---------------

Current thread (0x00000223788f1b40):  JavaThread "main" [_thread_in_native, id=10512, stack(0x000000509fa00000,0x000000509fb00000)]

Stack: [0x000000509fa00000,0x000000509fb00000],  sp=0x000000509faff5c8,  free space=1021k
Native frames: (J=compiled Java code, j=interpreted, Vv=VM code, C=native code)
C  [lwjgl_opengl.dll+0xe58a]

Java frames: (J=compiled Java code, j=interpreted, Vv=VM code)
j  org.lwjgl.opengl.GL20C.nglGetUniformLocation(IJ)I+0
j  org.lwjgl.opengl.GL20C.glGetUniformLocation(ILjava/lang/CharSequence;)I+25
j  org.lwjgl.opengl.GL20.glGetUniformLocation(ILjava/lang/CharSequence;)I+2
j  game.main.Test.<init>(Lengine/core/GameContainer;)V+134
j  game.main.Launcher.main([Ljava/lang/String;)V+21
v  ~StubRoutines::call_stub 0x000002230f3c100e

siginfo: EXCEPTION_ACCESS_VIOLATION (0xc0000005), reading address 0x0000000000000f48


Registers:
RAX=0x000002231b634f40, RBX=0x000002231790e890, RCX=0x0000000000000000, RDX=0x000002231b85fd08
RSP=0x000000509faff5c8, RBP=0x000000509faff658, RSI=0x00000000000005c8, RDI=0x000002230f3db796
R8 =0x0000000000000001, R9 =0x000002231b85fd08, R10=0x000002230f3df92e, R11=0x0000000088c281a8
R12=0x0000000000000000, R13=0x000002231790e890, R14=0x000000509faff688, R15=0x00000223788f1b40
RIP=0x00007ffa4703e58a, EFLAGS=0x0000000000010206


Register to memory mapping:

RIP=0x00007ffa4703e58a lwjgl_opengl.dll
RAX=0x000002231b634f40 points into unknown readable memory: 0x0000000000000000 | 00 00 00 00 00 00 00 00
RBX={method} {0x000002231790e898} 'nglGetUniformLocation' '(IJ)I' in 'org/lwjgl/opengl/GL20C'
RCX=0x0 is NULL
RDX=0x000002231b85fd08 points into unknown readable memory: 0x000000656c616373 | 73 63 61 6c 65 00 00 00
RSP=0x000000509faff5c8 is pointing into the stack for thread: 0x00000223788f1b40
RBP=0x000000509faff658 is pointing into the stack for thread: 0x00000223788f1b40
RSI=0x00000000000005c8 is an unknown value
RDI=0x000002230f3db796 is at code_begin+1110 in an Interpreter codelet
return entry points  [0x000002230f3db340, 0x000002230f3dbe20]  2784 bytes
R8 =0x0000000000000001 is an unknown value
R9 =0x000002231b85fd08 points into unknown readable memory: 0x000000656c616373 | 73 63 61 6c 65 00 00 00
R10=0x000002230f3df92e is at code_begin+1006 in an Interpreter codelet
method entry point (kind = native)  [0x000002230f3df540, 0x000002230f3e0050]  2832 bytes
R11=0x0000000088c281a8 is an oop: java.lang.Class 
{0x0000000088c281a8} - klass: 'java/lang/Class'
 - ---- fields (total size 54 words):
 - private volatile transient 'classRedefinedCount' 'I' @12  0
 - abstract internal 'klass' 'J' @16  34376608456 (1016ac8 8)
 - abstract internal 'array_klass' 'J' @24  0 (0 0)
 - abstract internal 'oop_size' 'I' @32  54 (36)
 - abstract internal 'static_oop_field_count' 'I' @36  0
 - private volatile transient 'cachedConstructor' 'Ljava/lang/reflect/Constructor;' @40  NULL (0)
 - private transient 'name' 'Ljava/lang/String;' @44  "org.lwjgl.opengl.GL20C"{0x0000000088c28368} (88c28368)
 - private transient 'module' 'Ljava/lang/Module;' @48  a 'java/lang/Module'{0x00000000893679d0} (893679d0)
 - private final 'classLoader' 'Ljava/lang/ClassLoader;' @52  a 'jdk/internal/loader/ClassLoaders$AppClassLoader'{0x0000000089367810} (89367810)
 - private transient 'classData' 'Ljava/lang/Object;' @56  NULL (0)
 - private transient 'packageName' 'Ljava/lang/String;' @60  "org.lwjgl.opengl"{0x00000000890c69d8} (890c69d8)
 - private final 'componentType' 'Ljava/lang/Class;' @64  NULL (0)
 - private volatile transient 'reflectionData' 'Ljava/lang/ref/SoftReference;' @68  NULL (0)
 - private volatile transient 'genericInfo' 'Lsun/reflect/generics/repository/ClassRepository;' @72  NULL (0)
 - private volatile transient 'enumConstants' '[Ljava/lang/Object;' @76  NULL (0)
 - private volatile transient 'enumConstantDirectory' 'Ljava/util/Map;' @80  NULL (0)
 - private volatile transient 'annotationData' 'Ljava/lang/Class$AnnotationData;' @84  NULL (0)
 - private volatile transient 'annotationType' 'Lsun/reflect/annotation/AnnotationType;' @88  NULL (0)
 - transient 'classValueMap' 'Ljava/lang/ClassValue$ClassValueMap;' @92  NULL (0)
 - abstract internal 'protection_domain' 'Ljava/lang/Object;' @96  a 'java/security/ProtectionDomain'{0x00000000890d9f50} (890d9f50)
 - abstract internal 'signers_name' 'Ljava/lang/Object;' @100  NULL (0)
 - abstract internal 'source_file' 'Ljava/lang/Object;' @104  NULL (0)
 - signature: Lorg/lwjgl/opengl/GL20C;
 - ---- static fields (0):
 - public static final 'GL_SHADING_LANGUAGE_VERSION' 'I' @112  35724 (8b8c)
 - public static final 'GL_CURRENT_PROGRAM' 'I' @116  35725 (8b8d)
 - public static final 'GL_SHADER_TYPE' 'I' @120  35663 (8b4f)
 - public static final 'GL_DELETE_STATUS' 'I' @124  35712 (8b80)
 - public static final 'GL_COMPILE_STATUS' 'I' @128  35713 (8b81)
 - public static final 'GL_LINK_STATUS' 'I' @132  35714 (8b82)
 - public static final 'GL_VALIDATE_STATUS' 'I' @136  35715 (8b83)
 - public static final 'GL_INFO_LOG_LENGTH' 'I' @140  35716 (8b84)
 - public static final 'GL_ATTACHED_SHADERS' 'I' @144  35717 (8b85)
 - public static final 'GL_ACTIVE_UNIFORMS' 'I' @148  35718 (8b86)
 - public static final 'GL_ACTIVE_UNIFORM_MAX_LENGTH' 'I' @152  35719 (8b87)
 - public static final 'GL_ACTIVE_ATTRIBUTES' 'I' @156  35721 (8b89)
 - public static final 'GL_ACTIVE_ATTRIBUTE_MAX_LENGTH' 'I' @160  35722 (8b8a)
 - public static final 'GL_SHADER_SOURCE_LENGTH' 'I' @164  35720 (8b88)
 - public static final 'GL_FLOAT_VEC2' 'I' @168  35664 (8b50)
 - public static final 'GL_FLOAT_VEC3' 'I' @172  35665 (8b51)
 - public static final 'GL_FLOAT_VEC4' 'I' @176  35666 (8b52)
 - public static final 'GL_INT_VEC2' 'I' @180  35667 (8b53)
 - public static final 'GL_INT_VEC3' 'I' @184  35668 (8b54)
 - public static final 'GL_INT_VEC4' 'I' @188  35669 (8b55)
 - public static final 'GL_BOOL' 'I' @192  35670 (8b56)
 - public static final 'GL_BOOL_VEC2' 'I' @196  35671 (8b57)
 - public static final 'GL_BOOL_VEC3' 'I' @200  35672 (8b58)
 - public static final 'GL_BOOL_VEC4' 'I' @204  35673 (8b59)
 - public static final 'GL_FLOAT_MAT2' 'I' @208  35674 (8b5a)
 - public static final 'GL_FLOAT_MAT3' 'I' @212  35675 (8b5b)
 - public static final 'GL_FLOAT_MAT4' 'I' @216  35676 (8b5c)
 - public static final 'GL_SAMPLER_1D' 'I' @220  35677 (8b5d)
 - public static final 'GL_SAMPLER_2D' 'I' @224  35678 (8b5e)
 - public static final 'GL_SAMPLER_3D' 'I' @228  35679 (8b5f)
 - public static final 'GL_SAMPLER_CUBE' 'I' @232  35680 (8b60)
 - public static final 'GL_SAMPLER_1D_SHADOW' 'I' @236  35681 (8b61)
 - public static final 'GL_SAMPLER_2D_SHADOW' 'I' @240  35682 (8b62)
 - public static final 'GL_VERTEX_SHADER' 'I' @244  35633 (8b31)
 - public static final 'GL_MAX_VERTEX_UNIFORM_COMPONENTS' 'I' @248  35658 (8b4a)
 - public static final 'GL_MAX_VARYING_FLOATS' 'I' @252  35659 (8b4b)
 - public static final 'GL_MAX_VERTEX_ATTRIBS' 'I' @256  34921 (8869)
 - public static final 'GL_MAX_TEXTURE_IMAGE_UNITS' 'I' @260  34930 (8872)
 - public static final 'GL_MAX_VERTEX_TEXTURE_IMAGE_UNITS' 'I' @264  35660 (8b4c)
 - public static final 'GL_MAX_COMBINED_TEXTURE_IMAGE_UNITS' 'I' @268  35661 (8b4d)
 - public static final 'GL_VERTEX_PROGRAM_POINT_SIZE' 'I' @272  34370 (8642)
 - public static final 'GL_VERTEX_ATTRIB_ARRAY_ENABLED' 'I' @276  34338 (8622)
 - public static final 'GL_VERTEX_ATTRIB_ARRAY_SIZE' 'I' @280  34339 (8623)
 - public static final 'GL_VERTEX_ATTRIB_ARRAY_STRIDE' 'I' @284  34340 (8624)
 - public static final 'GL_VERTEX_ATTRIB_ARRAY_TYPE' 'I' @288  34341 (8625)
 - public static final 'GL_VERTEX_ATTRIB_ARRAY_NORMALIZED' 'I' @292  34922 (886a)
 - public static final 'GL_CURRENT_VERTEX_ATTRIB' 'I' @296  34342 (8626)
 - public static final 'GL_VERTEX_ATTRIB_ARRAY_POINTER' 'I' @300  34373 (8645)
 - public static final 'GL_FRAGMENT_SHADER' 'I' @304  35632 (8b30)
 - public static final 'GL_MAX_FRAGMENT_UNIFORM_COMPONENTS' 'I' @308  35657 (8b49)
 - public static final 'GL_FRAGMENT_SHADER_DERIVATIVE_HINT' 'I' @312  35723 (8b8b)
 - public static final 'GL_MAX_DRAW_BUFFERS' 'I' @316  34852 (8824)
 - public static final 'GL_DRAW_BUFFER0' 'I' @320  34853 (8825)
 - public static final 'GL_DRAW_BUFFER1' 'I' @324  34854 (8826)
 - public static final 'GL_DRAW_BUFFER2' 'I' @328  34855 (8827)
 - public static final 'GL_DRAW_BUFFER3' 'I' @332  34856 (8828)
 - public static final 'GL_DRAW_BUFFER4' 'I' @336  34857 (8829)
 - public static final 'GL_DRAW_BUFFER5' 'I' @340  34858 (882a)
 - public static final 'GL_DRAW_BUFFER6' 'I' @344  34859 (882b)
 - public static final 'GL_DRAW_BUFFER7' 'I' @348  34860 (882c)
 - public static final 'GL_DRAW_BUFFER8' 'I' @352  34861 (882d)
 - public static final 'GL_DRAW_BUFFER9' 'I' @356  34862 (882e)
 - public static final 'GL_DRAW_BUFFER10' 'I' @360  34863 (882f)
 - public static final 'GL_DRAW_BUFFER11' 'I' @364  34864 (8830)
 - public static final 'GL_DRAW_BUFFER12' 'I' @368  34865 (8831)
 - public static final 'GL_DRAW_BUFFER13' 'I' @372  34866 (8832)
 - public static final 'GL_DRAW_BUFFER14' 'I' @376  34867 (8833)
 - public static final 'GL_DRAW_BUFFER15' 'I' @380  34868 (8834)
 - public static final 'GL_POINT_SPRITE_COORD_ORIGIN' 'I' @384  36000 (8ca0)
 - public static final 'GL_LOWER_LEFT' 'I' @388  36001 (8ca1)
 - public static final 'GL_UPPER_LEFT' 'I' @392  36002 (8ca2)
 - public static final 'GL_BLEND_EQUATION_RGB' 'I' @396  32777 (8009)
 - public static final 'GL_BLEND_EQUATION_ALPHA' 'I' @400  34877 (883d)
 - public static final 'GL_STENCIL_BACK_FUNC' 'I' @404  34816 (8800)
 - public static final 'GL_STENCIL_BACK_FAIL' 'I' @408  34817 (8801)
 - public static final 'GL_STENCIL_BACK_PASS_DEPTH_FAIL' 'I' @412  34818 (8802)
 - public static final 'GL_STENCIL_BACK_PASS_DEPTH_PASS' 'I' @416  34819 (8803)
 - public static final 'GL_STENCIL_BACK_REF' 'I' @420  36003 (8ca3)
 - public static final 'GL_STENCIL_BACK_VALUE_MASK' 'I' @424  36004 (8ca4)
 - public static final 'GL_STENCIL_BACK_WRITEMASK' 'I' @428  36005 (8ca5)
R12=0x0 is NULL
R13={method} {0x000002231790e898} 'nglGetUniformLocation' '(IJ)I' in 'org/lwjgl/opengl/GL20C'
R14=0x000000509faff688 is pointing into the stack for thread: 0x00000223788f1b40
R15=0x00000223788f1b40 is a thread


Top of Stack: (sp=0x000000509faff5c8)
0x000000509faff5c8:   000002230f3df95d 000002230f3db796
0x000000509faff5d8:   000002230f3df63a 000002231790e890
0x000000509faff5e8:   00000000000005c8 000002230f3db796
0x000000509faff5f8:   000002230f3de8ab 00000000ffffffff
0x000000509faff608:   000002230f3df5f6 000000509faff610
0x000000509faff618:   000002231790e890 000000509faff688
0x000000509faff628:   0000022317938000 0000000000000000
0x000000509faff638:   0000000088c281a8 000002231790e890
0x000000509faff648:   0000000000000000 000000509faff678
0x000000509faff658:   000000509faff6d8 000002230f3db8aa
0x000000509faff668:   0000000088c281a8 000002230f3dd195
0x000000509faff678:   000002231b85fd08 0000000000000000
0x000000509faff688:   0000000000000001 000000509faff690
0x000000509faff698:   000002231790ea69 000000509faff720
0x000000509faff6a8:   0000022317938000 0000000000000000
0x000000509faff6b8:   0000000088c281a8 000002231790eaf0 

Instructions: (pc=0x00007ffa4703e58a)
0x00007ffa4703e48a:   b6 44 24 30 41 8b d1 4c 8b 4c 24 38 8b cb 4c 8b
0x00007ffa4703e49a:   50 18 5b 49 ff a2 18 0f 00 00 cc cc cc cc cc cc
0x00007ffa4703e4aa:   cc cc cc cc cc cc 48 8b 01 45 8b d8 4c 8b 44 24
0x00007ffa4703e4ba:   28 41 8b d1 41 8b cb 4c 8b 50 18 49 ff a2 20 0f
0x00007ffa4703e4ca:   00 00 cc cc cc cc 48 8b 01 45 8b d8 4c 8b 44 24
0x00007ffa4703e4da:   28 41 8b d1 41 8b cb 4c 8b 50 18 49 ff a2 28 0f
0x00007ffa4703e4ea:   00 00 cc cc cc cc 40 53 48 8b 01 41 8b d8 4c 8b
0x00007ffa4703e4fa:   44 24 30 41 8b d1 4c 8b 4c 24 38 8b cb 4c 8b 50
0x00007ffa4703e50a:   18 5b 49 ff a2 30 0f 00 00 cc cc cc cc cc cc cc
0x00007ffa4703e51a:   cc cc cc cc cc cc 40 53 48 8b 01 41 8b d8 4c 8b
0x00007ffa4703e52a:   44 24 30 41 8b d1 4c 8b 4c 24 38 8b cb 4c 8b 50
0x00007ffa4703e53a:   18 5b 49 ff a2 38 0f 00 00 cc cc cc cc cc cc cc
0x00007ffa4703e54a:   cc cc cc cc cc cc 40 53 48 8b 01 41 8b d8 4c 8b
0x00007ffa4703e55a:   44 24 30 41 8b d1 4c 8b 4c 24 38 8b cb 4c 8b 50
0x00007ffa4703e56a:   18 5b 49 ff a2 40 0f 00 00 cc cc cc cc cc cc cc
0x00007ffa4703e57a:   cc cc cc cc cc cc 48 8b 01 49 8b d1 48 8b 48 18
0x00007ffa4703e58a:   48 8b 81 48 0f 00 00 41 8b c8 48 ff e0 cc cc cc
0x00007ffa4703e59a:   cc cc cc cc cc cc 40 53 48 83 ec 40 48 8b 01 41
0x00007ffa4703e5aa:   8b d8 44 8b 44 24 70 41 8b d1 4c 8b 4c 24 78 8b
0x00007ffa4703e5ba:   cb 4c 8b 50 18 48 8b 84 24 90 00 00 00 48 89 44
0x00007ffa4703e5ca:   24 30 48 8b 84 24 88 00 00 00 48 89 44 24 28 48
0x00007ffa4703e5da:   8b 84 24 80 00 00 00 48 89 44 24 20 41 ff 92 50
0x00007ffa4703e5ea:   0f 00 00 48 83 c4 40 5b c3 cc cc cc cc cc cc cc
0x00007ffa4703e5fa:   cc cc cc cc cc cc 48 8b 01 45 8b d8 4c 8b 44 24
0x00007ffa4703e60a:   28 41 8b d1 41 8b cb 4c 8b 50 18 49 ff a2 58 0f
0x00007ffa4703e61a:   00 00 cc cc cc cc 48 8b 01 45 8b d8 4c 8b 44 24
0x00007ffa4703e62a:   28 41 8b d1 41 8b cb 4c 8b 50 18 49 ff a2 60 0f
0x00007ffa4703e63a:   00 00 cc cc cc cc 40 53 48 8b 01 41 8b d8 4c 8b
0x00007ffa4703e64a:   44 24 30 41 8b d1 4c 8b 4c 24 38 8b cb 4c 8b 50
0x00007ffa4703e65a:   18 5b 49 ff a2 68 0f 00 00 cc cc cc cc cc cc cc
0x00007ffa4703e66a:   cc cc cc cc cc cc 48 8b 01 0f 28 cb 41 8b c8 48
0x00007ffa4703e67a:   8b 50 18 48 ff a2 70 0f 00 00 cc cc cc cc cc cc 


Stack slot to memory mapping:
stack at sp + 0 slots: 0x000002230f3df95d is at code_begin+1053 in an Interpreter codelet
method entry point (kind = native)  [0x000002230f3df540, 0x000002230f3e0050]  2832 bytes
stack at sp + 1 slots: 0x000002230f3db796 is at code_begin+1110 in an Interpreter codelet
return entry points  [0x000002230f3db340, 0x000002230f3dbe20]  2784 bytes
stack at sp + 2 slots: 0x000002230f3df63a is at code_begin+250 in an Interpreter codelet
method entry point (kind = native)  [0x000002230f3df540, 0x000002230f3e0050]  2832 bytes
stack at sp + 3 slots: {method} {0x000002231790e898} 'nglGetUniformLocation' '(IJ)I' in 'org/lwjgl/opengl/GL20C'
stack at sp + 4 slots: 0x00000000000005c8 is an unknown value
stack at sp + 5 slots: 0x000002230f3db796 is at code_begin+1110 in an Interpreter codelet
return entry points  [0x000002230f3db340, 0x000002230f3dbe20]  2784 bytes
stack at sp + 6 slots: 0x000002230f3de8ab is at code_begin+459 in an Interpreter codelet
method entry point (kind = zerolocals)  [0x000002230f3de6e0, 0x000002230f3dea90]  944 bytes
stack at sp + 7 slots: 0x00000000ffffffff is an unallocated location in the heap


---------------  P R O C E S S  ---------------

Threads class SMR info:
_java_thread_list=0x000002231b53ffb0, length=14, elements={
0x00000223788f1b40, 0x0000022317168720, 0x000002231716b160, 0x0000022317173700,
0x0000022317176040, 0x000002231717b900, 0x00000223171804b0, 0x0000022317182cc0,
0x00000223171841a0, 0x0000022317191280, 0x00000223171907e0, 0x000002231718f7f0,
0x000002231b5830c0, 0x000002231b61b510
}

Java Threads: ( => current thread )
=>0x00000223788f1b40 JavaThread "main" [_thread_in_native, id=10512, stack(0x000000509fa00000,0x000000509fb00000)]
  0x0000022317168720 JavaThread "Reference Handler" daemon [_thread_blocked, id=18772, stack(0x00000050a0100000,0x00000050a0200000)]
  0x000002231716b160 JavaThread "Finalizer" daemon [_thread_blocked, id=19868, stack(0x00000050a0200000,0x00000050a0300000)]
  0x0000022317173700 JavaThread "Signal Dispatcher" daemon [_thread_blocked, id=6328, stack(0x00000050a0300000,0x00000050a0400000)]
  0x0000022317176040 JavaThread "Attach Listener" daemon [_thread_blocked, id=5044, stack(0x00000050a0400000,0x00000050a0500000)]
  0x000002231717b900 JavaThread "Service Thread" daemon [_thread_blocked, id=5752, stack(0x00000050a0500000,0x00000050a0600000)]
  0x00000223171804b0 JavaThread "Monitor Deflation Thread" daemon [_thread_blocked, id=15936, stack(0x00000050a0600000,0x00000050a0700000)]
  0x0000022317182cc0 JavaThread "C2 CompilerThread0" daemon [_thread_blocked, id=18780, stack(0x00000050a0700000,0x00000050a0800000)]
  0x00000223171841a0 JavaThread "C1 CompilerThread0" daemon [_thread_blocked, id=17392, stack(0x00000050a0800000,0x00000050a0900000)]
  0x0000022317191280 JavaThread "Sweeper thread" daemon [_thread_blocked, id=5132, stack(0x00000050a0900000,0x00000050a0a00000)]
  0x00000223171907e0 JavaThread "Notification Thread" daemon [_thread_blocked, id=14820, stack(0x00000050a0a00000,0x00000050a0b00000)]
  0x000002231718f7f0 JavaThread "Common-Cleaner" daemon [_thread_blocked, id=11860, stack(0x00000050a0c00000,0x00000050a0d00000)]
  0x000002231b5830c0 JavaThread "C2 CompilerThread1" daemon [_thread_blocked, id=22504, stack(0x00000050a0d00000,0x00000050a0e00000)]
  0x000002231b61b510 JavaThread "C2 CompilerThread2" daemon [_thread_blocked, id=7020, stack(0x00000050a0e00000,0x00000050a0f00000)]

Other Threads:
  0x0000022317154fe0 VMThread "VM Thread" [stack: 0x00000050a0000000,0x00000050a0100000] [id=14896]
  0x000002231b522b30 WatcherThread "VM Periodic Task Thread" [stack: 0x00000050a0b00000,0x00000050a0c00000] [id=16608]
  0x0000022378950120 WorkerThread "GC Thread#0" [stack: 0x000000509fb00000,0x000000509fc00000] [id=20664]
  0x0000022378961ad0 ConcurrentGCThread "G1 Main Marker" [stack: 0x000000509fc00000,0x000000509fd00000] [id=4344]
  0x0000022378962500 WorkerThread "G1 Conc#0" [stack: 0x000000509fd00000,0x000000509fe00000] [id=12592]
  0x0000022317009160 ConcurrentGCThread "G1 Refine#0" [stack: 0x000000509fe00000,0x000000509ff00000] [id=11220]
  0x000002231700ab50 ConcurrentGCThread "G1 Service" [stack: 0x000000509ff00000,0x00000050a0000000] [id=18904]

Threads with active compile tasks:

VM state: not at safepoint (normal execution)

VM Mutex/Monitor currently owned by a thread: None

Heap address: 0x0000000081400000, size: 2028 MB, Compressed Oops mode: 32-bit

CDS archive(s) mapped at: [0x0000000800000000-0x0000000800c40000-0x0000000800c40000), size 12845056, SharedBaseAddress: 0x0000000800000000, ArchiveRelocationMode: 0.
Compressed class space mapped at: 0x0000000801000000-0x0000000841000000, reserved size: 1073741824
Narrow klass base: 0x0000000800000000, Narrow klass shift: 0, Narrow klass range: 0x100000000

GC Precious Log:
 CardTable entry size: 512
 Card Set container configuration: InlinePtr #cards 5 size 8 Array Of Cards #cards 12 size 40 Howl #buckets 4 coarsen threshold 1843 Howl Bitmap #cards 512 size 80 coarsen threshold 460 Card regions per heap region 1 cards per card region 2048
 CPUs: 8 total, 8 available
 Memory: 8109M
 Large Page Support: Disabled
 NUMA Support: Disabled
 Compressed Oops: Enabled (32-bit)
 Heap Region Size: 1M
 Heap Min Capacity: 8M
 Heap Initial Capacity: 128M
 Heap Max Capacity: 2028M
 Pre-touch: Disabled
 Parallel Workers: 8
 Concurrent Workers: 2
 Concurrent Refinement Workers: 8
 Periodic GC: Disabled

Heap:
 garbage-first heap   total 131072K, used 7168K [0x0000000081400000, 0x0000000100000000)
  region size 1024K, 8 young (8192K), 0 survivors (0K)
 Metaspace       used 2618K, committed 2816K, reserved 1114112K
  class space    used 153K, committed 256K, reserved 1048576K

Heap Regions: E=young(eden), S=young(survivor), O=old, HS=humongous(starts), HC=humongous(continues), CS=collection set, F=free, OA=open archive, CA=closed archive, TAMS=top-at-mark-start (previous, next)
|   0|0x0000000081400000, 0x0000000081400000, 0x0000000081500000|  0%| F|  |TAMS 0x0000000081400000, 0x0000000081400000| Untracked 
|   1|0x0000000081500000, 0x0000000081500000, 0x0000000081600000|  0%| F|  |TAMS 0x0000000081500000, 0x0000000081500000| Untracked 
|   2|0x0000000081600000, 0x0000000081600000, 0x0000000081700000|  0%| F|  |TAMS 0x0000000081600000, 0x0000000081600000| Untracked 
|   3|0x0000000081700000, 0x0000000081700000, 0x0000000081800000|  0%| F|  |TAMS 0x0000000081700000, 0x0000000081700000| Untracked 
|   4|0x0000000081800000, 0x0000000081800000, 0x0000000081900000|  0%| F|  |TAMS 0x0000000081800000, 0x0000000081800000| Untracked 
|   5|0x0000000081900000, 0x0000000081900000, 0x0000000081a00000|  0%| F|  |TAMS 0x0000000081900000, 0x0000000081900000| Untracked 
|   6|0x0000000081a00000, 0x0000000081a00000, 0x0000000081b00000|  0%| F|  |TAMS 0x0000000081a00000, 0x0000000081a00000| Untracked 
|   7|0x0000000081b00000, 0x0000000081b00000, 0x0000000081c00000|  0%| F|  |TAMS 0x0000000081b00000, 0x0000000081b00000| Untracked 
|   8|0x0000000081c00000, 0x0000000081c00000, 0x0000000081d00000|  0%| F|  |TAMS 0x0000000081c00000, 0x0000000081c00000| Untracked 
|   9|0x0000000081d00000, 0x0000000081d00000, 0x0000000081e00000|  0%| F|  |TAMS 0x0000000081d00000, 0x0000000081d00000| Untracked 
|  10|0x0000000081e00000, 0x0000000081e00000, 0x0000000081f00000|  0%| F|  |TAMS 0x0000000081e00000, 0x0000000081e00000| Untracked 
|  11|0x0000000081f00000, 0x0000000081f00000, 0x0000000082000000|  0%| F|  |TAMS 0x0000000081f00000, 0x0000000081f00000| Untracked 
|  12|0x0000000082000000, 0x0000000082000000, 0x0000000082100000|  0%| F|  |TAMS 0x0000000082000000, 0x0000000082000000| Untracked 
|  13|0x0000000082100000, 0x0000000082100000, 0x0000000082200000|  0%| F|  |TAMS 0x0000000082100000, 0x0000000082100000| Untracked 
|  14|0x0000000082200000, 0x0000000082200000, 0x0000000082300000|  0%| F|  |TAMS 0x0000000082200000, 0x0000000082200000| Untracked 
|  15|0x0000000082300000, 0x0000000082300000, 0x0000000082400000|  0%| F|  |TAMS 0x0000000082300000, 0x0000000082300000| Untracked 
|  16|0x0000000082400000, 0x0000000082400000, 0x0000000082500000|  0%| F|  |TAMS 0x0000000082400000, 0x0000000082400000| Untracked 
|  17|0x0000000082500000, 0x0000000082500000, 0x0000000082600000|  0%| F|  |TAMS 0x0000000082500000, 0x0000000082500000| Untracked 
|  18|0x0000000082600000, 0x0000000082600000, 0x0000000082700000|  0%| F|  |TAMS 0x0000000082600000, 0x0000000082600000| Untracked 
|  19|0x0000000082700000, 0x0000000082700000, 0x0000000082800000|  0%| F|  |TAMS 0x0000000082700000, 0x0000000082700000| Untracked 
|  20|0x0000000082800000, 0x0000000082800000, 0x0000000082900000|  0%| F|  |TAMS 0x0000000082800000, 0x0000000082800000| Untracked 
|  21|0x0000000082900000, 0x0000000082900000, 0x0000000082a00000|  0%| F|  |TAMS 0x0000000082900000, 0x0000000082900000| Untracked 
|  22|0x0000000082a00000, 0x0000000082a00000, 0x0000000082b00000|  0%| F|  |TAMS 0x0000000082a00000, 0x0000000082a00000| Untracked 
|  23|0x0000000082b00000, 0x0000000082b00000, 0x0000000082c00000|  0%| F|  |TAMS 0x0000000082b00000, 0x0000000082b00000| Untracked 
|  24|0x0000000082c00000, 0x0000000082c00000, 0x0000000082d00000|  0%| F|  |TAMS 0x0000000082c00000, 0x0000000082c00000| Untracked 
|  25|0x0000000082d00000, 0x0000000082d00000, 0x0000000082e00000|  0%| F|  |TAMS 0x0000000082d00000, 0x0000000082d00000| Untracked 
|  26|0x0000000082e00000, 0x0000000082e00000, 0x0000000082f00000|  0%| F|  |TAMS 0x0000000082e00000, 0x0000000082e00000| Untracked 
|  27|0x0000000082f00000, 0x0000000082f00000, 0x0000000083000000|  0%| F|  |TAMS 0x0000000082f00000, 0x0000000082f00000| Untracked 
|  28|0x0000000083000000, 0x0000000083000000, 0x0000000083100000|  0%| F|  |TAMS 0x0000000083000000, 0x0000000083000000| Untracked 
|  29|0x0000000083100000, 0x0000000083100000, 0x0000000083200000|  0%| F|  |TAMS 0x0000000083100000, 0x0000000083100000| Untracked 
|  30|0x0000000083200000, 0x0000000083200000, 0x0000000083300000|  0%| F|  |TAMS 0x0000000083200000, 0x0000000083200000| Untracked 
|  31|0x0000000083300000, 0x0000000083300000, 0x0000000083400000|  0%| F|  |TAMS 0x0000000083300000, 0x0000000083300000| Untracked 
|  32|0x0000000083400000, 0x0000000083400000, 0x0000000083500000|  0%| F|  |TAMS 0x0000000083400000, 0x0000000083400000| Untracked 
|  33|0x0000000083500000, 0x0000000083500000, 0x0000000083600000|  0%| F|  |TAMS 0x0000000083500000, 0x0000000083500000| Untracked 
|  34|0x0000000083600000, 0x0000000083600000, 0x0000000083700000|  0%| F|  |TAMS 0x0000000083600000, 0x0000000083600000| Untracked 
|  35|0x0000000083700000, 0x0000000083700000, 0x0000000083800000|  0%| F|  |TAMS 0x0000000083700000, 0x0000000083700000| Untracked 
|  36|0x0000000083800000, 0x0000000083800000, 0x0000000083900000|  0%| F|  |TAMS 0x0000000083800000, 0x0000000083800000| Untracked 
|  37|0x0000000083900000, 0x0000000083900000, 0x0000000083a00000|  0%| F|  |TAMS 0x0000000083900000, 0x0000000083900000| Untracked 
|  38|0x0000000083a00000, 0x0000000083a00000, 0x0000000083b00000|  0%| F|  |TAMS 0x0000000083a00000, 0x0000000083a00000| Untracked 
|  39|0x0000000083b00000, 0x0000000083b00000, 0x0000000083c00000|  0%| F|  |TAMS 0x0000000083b00000, 0x0000000083b00000| Untracked 
|  40|0x0000000083c00000, 0x0000000083c00000, 0x0000000083d00000|  0%| F|  |TAMS 0x0000000083c00000, 0x0000000083c00000| Untracked 
|  41|0x0000000083d00000, 0x0000000083d00000, 0x0000000083e00000|  0%| F|  |TAMS 0x0000000083d00000, 0x0000000083d00000| Untracked 
|  42|0x0000000083e00000, 0x0000000083e00000, 0x0000000083f00000|  0%| F|  |TAMS 0x0000000083e00000, 0x0000000083e00000| Untracked 
|  43|0x0000000083f00000, 0x0000000083f00000, 0x0000000084000000|  0%| F|  |TAMS 0x0000000083f00000, 0x0000000083f00000| Untracked 
|  44|0x0000000084000000, 0x0000000084000000, 0x0000000084100000|  0%| F|  |TAMS 0x0000000084000000, 0x0000000084000000| Untracked 
|  45|0x0000000084100000, 0x0000000084100000, 0x0000000084200000|  0%| F|  |TAMS 0x0000000084100000, 0x0000000084100000| Untracked 
|  46|0x0000000084200000, 0x0000000084200000, 0x0000000084300000|  0%| F|  |TAMS 0x0000000084200000, 0x0000000084200000| Untracked 
|  47|0x0000000084300000, 0x0000000084300000, 0x0000000084400000|  0%| F|  |TAMS 0x0000000084300000, 0x0000000084300000| Untracked 
|  48|0x0000000084400000, 0x0000000084400000, 0x0000000084500000|  0%| F|  |TAMS 0x0000000084400000, 0x0000000084400000| Untracked 
|  49|0x0000000084500000, 0x0000000084500000, 0x0000000084600000|  0%| F|  |TAMS 0x0000000084500000, 0x0000000084500000| Untracked 
|  50|0x0000000084600000, 0x0000000084600000, 0x0000000084700000|  0%| F|  |TAMS 0x0000000084600000, 0x0000000084600000| Untracked 
|  51|0x0000000084700000, 0x0000000084700000, 0x0000000084800000|  0%| F|  |TAMS 0x0000000084700000, 0x0000000084700000| Untracked 
|  52|0x0000000084800000, 0x0000000084800000, 0x0000000084900000|  0%| F|  |TAMS 0x0000000084800000, 0x0000000084800000| Untracked 
|  53|0x0000000084900000, 0x0000000084900000, 0x0000000084a00000|  0%| F|  |TAMS 0x0000000084900000, 0x0000000084900000| Untracked 
|  54|0x0000000084a00000, 0x0000000084a00000, 0x0000000084b00000|  0%| F|  |TAMS 0x0000000084a00000, 0x0000000084a00000| Untracked 
|  55|0x0000000084b00000, 0x0000000084b00000, 0x0000000084c00000|  0%| F|  |TAMS 0x0000000084b00000, 0x0000000084b00000| Untracked 
|  56|0x0000000084c00000, 0x0000000084c00000, 0x0000000084d00000|  0%| F|  |TAMS 0x0000000084c00000, 0x0000000084c00000| Untracked 
|  57|0x0000000084d00000, 0x0000000084d00000, 0x0000000084e00000|  0%| F|  |TAMS 0x0000000084d00000, 0x0000000084d00000| Untracked 
|  58|0x0000000084e00000, 0x0000000084e00000, 0x0000000084f00000|  0%| F|  |TAMS 0x0000000084e00000, 0x0000000084e00000| Untracked 
|  59|0x0000000084f00000, 0x0000000084f00000, 0x0000000085000000|  0%| F|  |TAMS 0x0000000084f00000, 0x0000000084f00000| Untracked 
|  60|0x0000000085000000, 0x0000000085000000, 0x0000000085100000|  0%| F|  |TAMS 0x0000000085000000, 0x0000000085000000| Untracked 
|  61|0x0000000085100000, 0x0000000085100000, 0x0000000085200000|  0%| F|  |TAMS 0x0000000085100000, 0x0000000085100000| Untracked 
|  62|0x0000000085200000, 0x0000000085200000, 0x0000000085300000|  0%| F|  |TAMS 0x0000000085200000, 0x0000000085200000| Untracked 
|  63|0x0000000085300000, 0x0000000085300000, 0x0000000085400000|  0%| F|  |TAMS 0x0000000085300000, 0x0000000085300000| Untracked 
|  64|0x0000000085400000, 0x0000000085400000, 0x0000000085500000|  0%| F|  |TAMS 0x0000000085400000, 0x0000000085400000| Untracked 
|  65|0x0000000085500000, 0x0000000085500000, 0x0000000085600000|  0%| F|  |TAMS 0x0000000085500000, 0x0000000085500000| Untracked 
|  66|0x0000000085600000, 0x0000000085600000, 0x0000000085700000|  0%| F|  |TAMS 0x0000000085600000, 0x0000000085600000| Untracked 
|  67|0x0000000085700000, 0x0000000085700000, 0x0000000085800000|  0%| F|  |TAMS 0x0000000085700000, 0x0000000085700000| Untracked 
|  68|0x0000000085800000, 0x0000000085800000, 0x0000000085900000|  0%| F|  |TAMS 0x0000000085800000, 0x0000000085800000| Untracked 
|  69|0x0000000085900000, 0x0000000085900000, 0x0000000085a00000|  0%| F|  |TAMS 0x0000000085900000, 0x0000000085900000| Untracked 
|  70|0x0000000085a00000, 0x0000000085a00000, 0x0000000085b00000|  0%| F|  |TAMS 0x0000000085a00000, 0x0000000085a00000| Untracked 
|  71|0x0000000085b00000, 0x0000000085b00000, 0x0000000085c00000|  0%| F|  |TAMS 0x0000000085b00000, 0x0000000085b00000| Untracked 
|  72|0x0000000085c00000, 0x0000000085c00000, 0x0000000085d00000|  0%| F|  |TAMS 0x0000000085c00000, 0x0000000085c00000| Untracked 
|  73|0x0000000085d00000, 0x0000000085d00000, 0x0000000085e00000|  0%| F|  |TAMS 0x0000000085d00000, 0x0000000085d00000| Untracked 
|  74|0x0000000085e00000, 0x0000000085e00000, 0x0000000085f00000|  0%| F|  |TAMS 0x0000000085e00000, 0x0000000085e00000| Untracked 
|  75|0x0000000085f00000, 0x0000000085f00000, 0x0000000086000000|  0%| F|  |TAMS 0x0000000085f00000, 0x0000000085f00000| Untracked 
|  76|0x0000000086000000, 0x0000000086000000, 0x0000000086100000|  0%| F|  |TAMS 0x0000000086000000, 0x0000000086000000| Untracked 
|  77|0x0000000086100000, 0x0000000086100000, 0x0000000086200000|  0%| F|  |TAMS 0x0000000086100000, 0x0000000086100000| Untracked 
|  78|0x0000000086200000, 0x0000000086200000, 0x0000000086300000|  0%| F|  |TAMS 0x0000000086200000, 0x0000000086200000| Untracked 
|  79|0x0000000086300000, 0x0000000086300000, 0x0000000086400000|  0%| F|  |TAMS 0x0000000086300000, 0x0000000086300000| Untracked 
|  80|0x0000000086400000, 0x0000000086400000, 0x0000000086500000|  0%| F|  |TAMS 0x0000000086400000, 0x0000000086400000| Untracked 
|  81|0x0000000086500000, 0x0000000086500000, 0x0000000086600000|  0%| F|  |TAMS 0x0000000086500000, 0x0000000086500000| Untracked 
|  82|0x0000000086600000, 0x0000000086600000, 0x0000000086700000|  0%| F|  |TAMS 0x0000000086600000, 0x0000000086600000| Untracked 
|  83|0x0000000086700000, 0x0000000086700000, 0x0000000086800000|  0%| F|  |TAMS 0x0000000086700000, 0x0000000086700000| Untracked 
|  84|0x0000000086800000, 0x0000000086800000, 0x0000000086900000|  0%| F|  |TAMS 0x0000000086800000, 0x0000000086800000| Untracked 
|  85|0x0000000086900000, 0x0000000086900000, 0x0000000086a00000|  0%| F|  |TAMS 0x0000000086900000, 0x0000000086900000| Untracked 
|  86|0x0000000086a00000, 0x0000000086a00000, 0x0000000086b00000|  0%| F|  |TAMS 0x0000000086a00000, 0x0000000086a00000| Untracked 
|  87|0x0000000086b00000, 0x0000000086b00000, 0x0000000086c00000|  0%| F|  |TAMS 0x0000000086b00000, 0x0000000086b00000| Untracked 
|  88|0x0000000086c00000, 0x0000000086c00000, 0x0000000086d00000|  0%| F|  |TAMS 0x0000000086c00000, 0x0000000086c00000| Untracked 
|  89|0x0000000086d00000, 0x0000000086d00000, 0x0000000086e00000|  0%| F|  |TAMS 0x0000000086d00000, 0x0000000086d00000| Untracked 
|  90|0x0000000086e00000, 0x0000000086e00000, 0x0000000086f00000|  0%| F|  |TAMS 0x0000000086e00000, 0x0000000086e00000| Untracked 
|  91|0x0000000086f00000, 0x0000000086f00000, 0x0000000087000000|  0%| F|  |TAMS 0x0000000086f00000, 0x0000000086f00000| Untracked 
|  92|0x0000000087000000, 0x0000000087000000, 0x0000000087100000|  0%| F|  |TAMS 0x0000000087000000, 0x0000000087000000| Untracked 
|  93|0x0000000087100000, 0x0000000087100000, 0x0000000087200000|  0%| F|  |TAMS 0x0000000087100000, 0x0000000087100000| Untracked 
|  94|0x0000000087200000, 0x0000000087200000, 0x0000000087300000|  0%| F|  |TAMS 0x0000000087200000, 0x0000000087200000| Untracked 
|  95|0x0000000087300000, 0x0000000087300000, 0x0000000087400000|  0%| F|  |TAMS 0x0000000087300000, 0x0000000087300000| Untracked 
|  96|0x0000000087400000, 0x0000000087400000, 0x0000000087500000|  0%| F|  |TAMS 0x0000000087400000, 0x0000000087400000| Untracked 
|  97|0x0000000087500000, 0x0000000087500000, 0x0000000087600000|  0%| F|  |TAMS 0x0000000087500000, 0x0000000087500000| Untracked 
|  98|0x0000000087600000, 0x0000000087600000, 0x0000000087700000|  0%| F|  |TAMS 0x0000000087600000, 0x0000000087600000| Untracked 
|  99|0x0000000087700000, 0x0000000087700000, 0x0000000087800000|  0%| F|  |TAMS 0x0000000087700000, 0x0000000087700000| Untracked 
| 100|0x0000000087800000, 0x0000000087800000, 0x0000000087900000|  0%| F|  |TAMS 0x0000000087800000, 0x0000000087800000| Untracked 
| 101|0x0000000087900000, 0x0000000087900000, 0x0000000087a00000|  0%| F|  |TAMS 0x0000000087900000, 0x0000000087900000| Untracked 
| 102|0x0000000087a00000, 0x0000000087a00000, 0x0000000087b00000|  0%| F|  |TAMS 0x0000000087a00000, 0x0000000087a00000| Untracked 
| 103|0x0000000087b00000, 0x0000000087b00000, 0x0000000087c00000|  0%| F|  |TAMS 0x0000000087b00000, 0x0000000087b00000| Untracked 
| 104|0x0000000087c00000, 0x0000000087c00000, 0x0000000087d00000|  0%| F|  |TAMS 0x0000000087c00000, 0x0000000087c00000| Untracked 
| 105|0x0000000087d00000, 0x0000000087d00000, 0x0000000087e00000|  0%| F|  |TAMS 0x0000000087d00000, 0x0000000087d00000| Untracked 
| 106|0x0000000087e00000, 0x0000000087e00000, 0x0000000087f00000|  0%| F|  |TAMS 0x0000000087e00000, 0x0000000087e00000| Untracked 
| 107|0x0000000087f00000, 0x0000000087f00000, 0x0000000088000000|  0%| F|  |TAMS 0x0000000087f00000, 0x0000000087f00000| Untracked 
| 108|0x0000000088000000, 0x0000000088000000, 0x0000000088100000|  0%| F|  |TAMS 0x0000000088000000, 0x0000000088000000| Untracked 
| 109|0x0000000088100000, 0x0000000088100000, 0x0000000088200000|  0%| F|  |TAMS 0x0000000088100000, 0x0000000088100000| Untracked 
| 110|0x0000000088200000, 0x0000000088200000, 0x0000000088300000|  0%| F|  |TAMS 0x0000000088200000, 0x0000000088200000| Untracked 
| 111|0x0000000088300000, 0x0000000088300000, 0x0000000088400000|  0%| F|  |TAMS 0x0000000088300000, 0x0000000088300000| Untracked 
| 112|0x0000000088400000, 0x0000000088400000, 0x0000000088500000|  0%| F|  |TAMS 0x0000000088400000, 0x0000000088400000| Untracked 
| 113|0x0000000088500000, 0x0000000088500000, 0x0000000088600000|  0%| F|  |TAMS 0x0000000088500000, 0x0000000088500000| Untracked 
| 114|0x0000000088600000, 0x0000000088600000, 0x0000000088700000|  0%| F|  |TAMS 0x0000000088600000, 0x0000000088600000| Untracked 
| 115|0x0000000088700000, 0x0000000088700000, 0x0000000088800000|  0%| F|  |TAMS 0x0000000088700000, 0x0000000088700000| Untracked 
| 116|0x0000000088800000, 0x0000000088800000, 0x0000000088900000|  0%| F|  |TAMS 0x0000000088800000, 0x0000000088800000| Untracked 
| 117|0x0000000088900000, 0x0000000088900000, 0x0000000088a00000|  0%| F|  |TAMS 0x0000000088900000, 0x0000000088900000| Untracked 
| 118|0x0000000088a00000, 0x0000000088a00000, 0x0000000088b00000|  0%| F|  |TAMS 0x0000000088a00000, 0x0000000088a00000| Untracked 
| 119|0x0000000088b00000, 0x0000000088b00000, 0x0000000088c00000|  0%| F|  |TAMS 0x0000000088b00000, 0x0000000088b00000| Untracked 
| 120|0x0000000088c00000, 0x0000000088c7a6e0, 0x0000000088d00000| 47%| E|  |TAMS 0x0000000088c00000, 0x0000000088c00000| Complete 
| 121|0x0000000088d00000, 0x0000000088e00000, 0x0000000088e00000|100%| E|CS|TAMS 0x0000000088d00000, 0x0000000088d00000| Complete 
| 122|0x0000000088e00000, 0x0000000088f00000, 0x0000000088f00000|100%| E|CS|TAMS 0x0000000088e00000, 0x0000000088e00000| Complete 
| 123|0x0000000088f00000, 0x0000000089000000, 0x0000000089000000|100%| E|CS|TAMS 0x0000000088f00000, 0x0000000088f00000| Complete 
| 124|0x0000000089000000, 0x0000000089100000, 0x0000000089100000|100%| E|CS|TAMS 0x0000000089000000, 0x0000000089000000| Complete 
| 125|0x0000000089100000, 0x0000000089200000, 0x0000000089200000|100%| E|CS|TAMS 0x0000000089100000, 0x0000000089100000| Complete 
| 126|0x0000000089200000, 0x0000000089300000, 0x0000000089300000|100%| E|CS|TAMS 0x0000000089200000, 0x0000000089200000| Complete 
| 127|0x0000000089300000, 0x0000000089400000, 0x0000000089400000|100%| E|CS|TAMS 0x0000000089300000, 0x0000000089300000| Complete 

Card table byte_map: [0x00000223790c0000,0x00000223794c0000] _byte_map_base: 0x0000022378cb6000

Marking Bits (Prev, Next): (CMBitMap*) 0x0000022378950750, (CMBitMap*) 0x0000022378950790
 Prev Bits: [0x00000223798c0000, 0x000002237b870000)
 Next Bits: [0x000002237b870000, 0x000002237d820000)

Polling page: 0x0000022376810000

Metaspace:

Usage:
  Non-class:      2.41 MB used.
      Class:    153.38 KB used.
       Both:      2.56 MB used.

Virtual space:
  Non-class space:       64.00 MB reserved,       2.50 MB (  4%) committed,  1 nodes.
      Class space:        1.00 GB reserved,     256.00 KB ( <1%) committed,  1 nodes.
             Both:        1.06 GB reserved,       2.75 MB ( <1%) committed. 

Chunk freelists:
   Non-Class:  2.77 MB
       Class:  3.66 MB
        Both:  6.43 MB

MaxMetaspaceSize: unlimited
CompressedClassSpaceSize: 1.00 GB
Initial GC threshold: 21.00 MB
Current GC threshold: 21.00 MB
CDS: on
MetaspaceReclaimPolicy: balanced
 - commit_granule_bytes: 65536.
 - commit_granule_words: 8192.
 - virtual_space_node_default_size: 8388608.
 - enlarge_chunks_in_place: 1.
 - new_chunks_are_fully_committed: 0.
 - uncommit_free_chunks: 1.
 - use_allocation_guard: 0.


Internal statistics:

num_allocs_failed_limit: 0.
num_arena_births: 68.
num_arena_deaths: 0.
num_vsnodes_births: 2.
num_vsnodes_deaths: 0.
num_space_committed: 44.
num_space_uncommitted: 0.
num_chunks_returned_to_freelist: 0.
num_chunks_taken_from_freelist: 130.
num_chunk_merges: 0.
num_chunk_splits: 87.
num_chunks_enlarged: 61.
num_inconsistent_stats: 0.

CodeHeap 'non-profiled nmethods': size=120000Kb used=158Kb max_used=158Kb free=119841Kb
 bounds [0x000002230f960000, 0x000002230fbd0000, 0x0000022316e90000]
CodeHeap 'profiled nmethods': size=120000Kb used=769Kb max_used=769Kb free=119230Kb
 bounds [0x0000022307e90000, 0x0000022308100000, 0x000002230f3c0000]
CodeHeap 'non-nmethods': size=5760Kb used=1270Kb max_used=1279Kb free=4489Kb
 bounds [0x000002230f3c0000, 0x000002230f630000, 0x000002230f960000]
 total_blobs=1027 nmethods=539 adapters=399
 compilation: enabled
              stopped_count=0, restarted_count=0
 full_count=0

Compilation events (20 events):
Event: 0.533 Thread 0x00000223171841a0  529       3       java.lang.StringConcatHelper::simpleConcat (94 bytes)
Event: 0.534 Thread 0x00000223171841a0 nmethod 529 0x0000022307f49f10 code [0x0000022307f4a240, 0x0000022307f4b498]
Event: 0.534 Thread 0x00000223171841a0  534   !   3       java.util.jar.JarFile::checkForSpecialAttributes (163 bytes)
Event: 0.536 Thread 0x00000223171841a0 nmethod 534 0x0000022307f4bb10 code [0x0000022307f4be60, 0x0000022307f4d228]
Event: 0.536 Thread 0x00000223171841a0  536       3       java.lang.Integer::toUnsignedLong (7 bytes)
Event: 0.536 Thread 0x00000223171841a0 nmethod 536 0x0000022307f4da90 code [0x0000022307f4dc20, 0x0000022307f4dd18]
Event: 0.536 Thread 0x00000223171841a0  537       3       sun.misc.Unsafe::putLong (11 bytes)
Event: 0.536 Thread 0x00000223171841a0 nmethod 537 0x0000022307f4dd90 code [0x0000022307f4df20, 0x0000022307f4e038]
Event: 0.536 Thread 0x00000223171841a0  538       3       org.lwjgl.system.MemoryUtil::memPutAddress (29 bytes)
Event: 0.536 Thread 0x00000223171841a0 nmethod 538 0x0000022307f4e110 code [0x0000022307f4e2c0, 0x0000022307f4e4b8]
Event: 0.536 Thread 0x00000223171841a0  539       3       java.lang.String::toLowerCase (29 bytes)
Event: 0.537 Thread 0x00000223171841a0 nmethod 539 0x0000022307f4e590 code [0x0000022307f4e760, 0x0000022307f4ea18]
Event: 0.537 Thread 0x00000223171841a0  533       1       java.security.CodeSource::getLocation (5 bytes)
Event: 0.537 Thread 0x00000223171841a0 nmethod 533 0x000002230f987310 code [0x000002230f9874a0, 0x000002230f987558]
Event: 0.538 Thread 0x00000223171841a0  540       1       java.net.URL::getUserInfo (5 bytes)
Event: 0.538 Thread 0x00000223171841a0 nmethod 540 0x000002230f987610 code [0x000002230f9877a0, 0x000002230f987858]
Event: 0.538 Thread 0x00000223171841a0  541       3       java.util.jar.JarFile::getVersionedEntry (133 bytes)
Event: 0.540 Thread 0x00000223171841a0 nmethod 541 0x0000022307f4eb10 code [0x0000022307f4ede0, 0x0000022307f4fb48]
Event: 0.541 Thread 0x00000223171841a0  542       3       java.util.zip.ZipUtils::CENLEN (9 bytes)
Event: 0.541 Thread 0x00000223171841a0 nmethod 542 0x0000022307f50110 code [0x0000022307f502c0, 0x0000022307f50598]

GC Heap History (0 events):
No events

Dll operation events (8 events):
Event: 0.015 Loaded shared library C:\Program Files\Java\jdk-19\bin\java.dll
Event: 0.027 Loaded shared library C:\Program Files\Java\jdk-19\bin\jsvml.dll
Event: 0.107 Loaded shared library C:\Program Files\Java\jdk-19\bin\zip.dll
Event: 0.121 Loaded shared library C:\Program Files\Java\jdk-19\bin\jimage.dll
Event: 0.206 Loaded shared library C:\Program Files\Java\jdk-19\bin\net.dll
Event: 0.210 Loaded shared library C:\Program Files\Java\jdk-19\bin\nio.dll
Event: 0.437 Loaded shared library C:\Users\nilsw\AppData\Local\Temp\lwjglnilsw\3.3.1-build-7\lwjgl.dll
Event: 0.458 Loaded shared library C:\Users\nilsw\AppData\Local\Temp\lwjglnilsw\3.3.1-build-7\lwjgl_opengl.dll

Deoptimization events (20 events):
Event: 0.434 Thread 0x00000223788f1b40 Uncommon trap: trap_request=0xffffffde fr.pc=0x000002230f9723a0 relative=0x00000000000005a0
Event: 0.434 Thread 0x00000223788f1b40 Uncommon trap: reason=class_check action=maybe_recompile pc=0x000002230f9723a0 method=java.util.regex.Pattern$Start.match(Ljava/util/regex/Matcher;ILjava/lang/CharSequence;)Z @ 44 c2
Event: 0.434 Thread 0x00000223788f1b40 DEOPT PACKING pc=0x000002230f9723a0 sp=0x000000509fafc800
Event: 0.434 Thread 0x00000223788f1b40 DEOPT UNPACKING pc=0x000002230f426da3 sp=0x000000509fafc750 mode 2
Event: 0.443 Thread 0x00000223788f1b40 DEOPT PACKING pc=0x0000022307ed6c7c sp=0x000000509fafbba0
Event: 0.443 Thread 0x00000223788f1b40 DEOPT UNPACKING pc=0x000002230f427543 sp=0x000000509fafb030 mode 0
Event: 0.445 Thread 0x00000223788f1b40 DEOPT PACKING pc=0x0000022307ed6c7c sp=0x000000509fafbba0
Event: 0.445 Thread 0x00000223788f1b40 DEOPT UNPACKING pc=0x000002230f427543 sp=0x000000509fafb030 mode 0
Event: 0.446 Thread 0x00000223788f1b40 DEOPT PACKING pc=0x0000022307ed6c7c sp=0x000000509fafbba0
Event: 0.446 Thread 0x00000223788f1b40 DEOPT UNPACKING pc=0x000002230f427543 sp=0x000000509fafb030 mode 0
Event: 0.446 Thread 0x00000223788f1b40 DEOPT PACKING pc=0x0000022307ed7ce7 sp=0x000000509fafbef0
Event: 0.446 Thread 0x00000223788f1b40 DEOPT UNPACKING pc=0x000002230f427543 sp=0x000000509fafb310 mode 0
Event: 0.455 Thread 0x00000223788f1b40 Uncommon trap: trap_request=0xffffffde fr.pc=0x000002230f9723a0 relative=0x00000000000005a0
Event: 0.455 Thread 0x00000223788f1b40 Uncommon trap: reason=class_check action=maybe_recompile pc=0x000002230f9723a0 method=java.util.regex.Pattern$Start.match(Ljava/util/regex/Matcher;ILjava/lang/CharSequence;)Z @ 44 c2
Event: 0.455 Thread 0x00000223788f1b40 DEOPT PACKING pc=0x000002230f9723a0 sp=0x000000509fafd3c0
Event: 0.455 Thread 0x00000223788f1b40 DEOPT UNPACKING pc=0x000002230f426da3 sp=0x000000509fafd310 mode 2
Event: 0.456 Thread 0x00000223788f1b40 Uncommon trap: trap_request=0xffffffde fr.pc=0x000002230f9723a0 relative=0x00000000000005a0
Event: 0.456 Thread 0x00000223788f1b40 Uncommon trap: reason=class_check action=maybe_recompile pc=0x000002230f9723a0 method=java.util.regex.Pattern$Start.match(Ljava/util/regex/Matcher;ILjava/lang/CharSequence;)Z @ 44 c2
Event: 0.456 Thread 0x00000223788f1b40 DEOPT PACKING pc=0x000002230f9723a0 sp=0x000000509fafd3c0
Event: 0.456 Thread 0x00000223788f1b40 DEOPT UNPACKING pc=0x000002230f426da3 sp=0x000000509fafd310 mode 2

Classes loaded (20 events):
Event: 0.473 Loading class java/nio/DirectFloatBufferU
Event: 0.473 Loading class java/nio/DirectFloatBufferU done
Event: 0.473 Loading class java/nio/DirectDoubleBufferU
Event: 0.473 Loading class java/nio/DirectDoubleBufferU done
Event: 0.473 Loading class sun/misc/Unsafe
Event: 0.473 Loading class sun/misc/Unsafe done
Event: 0.474 Loading class java/lang/invoke/DirectMethodHandle$StaticAccessor
Event: 0.474 Loading class java/lang/invoke/DirectMethodHandle$StaticAccessor done
Event: 0.478 Loading class java/util/function/LongPredicate
Event: 0.478 Loading class java/util/function/LongPredicate done
Event: 0.481 Loading class java/lang/foreign/MemorySegment
Event: 0.481 Loading class java/lang/foreign/Addressable
Event: 0.481 Loading class java/lang/foreign/Addressable done
Event: 0.481 Loading class java/lang/foreign/MemorySegment done
Event: 0.516 Loading class java/nio/InvalidMarkException
Event: 0.516 Loading class java/nio/InvalidMarkException done
Event: 0.516 Loading class java/nio/BufferUnderflowException
Event: 0.516 Loading class java/nio/BufferUnderflowException done
Event: 0.519 Loading class java/lang/IndexOutOfBoundsException
Event: 0.519 Loading class java/lang/IndexOutOfBoundsException done

Classes unloaded (0 events):
No events

Classes redefined (0 events):
No events

Internal exceptions (20 events):
Event: 0.347 Thread 0x00000223788f1b40 Exception <a 'java/lang/NoSuchMethodError'{0x0000000088fe1ce0}: 'void java.lang.invoke.DirectMethodHandle$Holder.invokeSpecial(java.lang.Object, java.lang.Object, java.lang.Object)'> (0x0000000088fe1ce0) 
thrown [s\open\src\hotspot\share\interpreter\linkResolver.cpp, line 774]
Event: 0.352 Thread 0x00000223788f1b40 Exception <a 'java/lang/NoSuchMethodError'{0x0000000088ff4c20}: 'java.lang.Object java.lang.invoke.DirectMethodHandle$Holder.invokeStatic(java.lang.Object, java.lang.Object, int)'> (0x0000000088ff4c20) 
thrown [s\open\src\hotspot\share\interpreter\linkResolver.cpp, line 774]
Event: 0.355 Thread 0x00000223788f1b40 Exception <a 'java/lang/NoSuchMethodError'{0x0000000088e01000}: 'void java.lang.invoke.DelegatingMethodHandle$Holder.delegate(java.lang.Object, java.lang.Object, int, java.lang.Object)'> (0x0000000088e01000) 
thrown [s\open\src\hotspot\share\interpreter\linkResolver.cpp, line 774]
Event: 0.357 Thread 0x00000223788f1b40 Exception <a 'java/lang/NoSuchMethodError'{0x0000000088e05258}: 'int java.lang.invoke.DirectMethodHandle$Holder.invokeSpecial(java.lang.Object, java.lang.Object, java.lang.Object)'> (0x0000000088e05258) 
thrown [s\open\src\hotspot\share\interpreter\linkResolver.cpp, line 774]
Event: 0.364 Thread 0x00000223788f1b40 Exception <a 'java/lang/NoSuchMethodError'{0x0000000088e21578}: 'void java.lang.System.loadLibrary(java.lang.String, java.lang.Class)'> (0x0000000088e21578) 
thrown [s\open\src\hotspot\share\interpreter\linkResolver.cpp, line 774]
Event: 0.385 Thread 0x00000223788f1b40 Exception <a 'java/lang/NoSuchMethodError'{0x0000000088e71990}: 'void java.lang.System.load(java.lang.String, java.lang.Class)'> (0x0000000088e71990) 
thrown [s\open\src\hotspot\share\interpreter\linkResolver.cpp, line 774]
Event: 0.386 Thread 0x00000223788f1b40 Exception <a 'java/lang/NoSuchMethodError'{0x0000000088e74890}: 'void java.lang.System.loadLibrary(java.lang.String, java.lang.Class)'> (0x0000000088e74890) 
thrown [s\open\src\hotspot\share\interpreter\linkResolver.cpp, line 774]
Event: 0.434 Thread 0x00000223788f1b40 Exception <a 'sun/nio/fs/WindowsException'{0x0000000088eb3090}> (0x0000000088eb3090) 
thrown [s\open\src\hotspot\share\prims\jni.cpp, line 517]
Event: 0.434 Thread 0x00000223788f1b40 Exception <a 'sun/nio/fs/WindowsException'{0x0000000088eb35e0}> (0x0000000088eb35e0) 
thrown [s\open\src\hotspot\share\prims\jni.cpp, line 517]
Event: 0.455 Thread 0x00000223788f1b40 Exception <a 'sun/nio/fs/WindowsException'{0x0000000088efb6b0}> (0x0000000088efb6b0) 
thrown [s\open\src\hotspot\share\prims\jni.cpp, line 517]
Event: 0.456 Thread 0x00000223788f1b40 Exception <a 'sun/nio/fs/WindowsException'{0x0000000088efba58}> (0x0000000088efba58) 
thrown [s\open\src\hotspot\share\prims\jni.cpp, line 517]
Event: 0.462 Thread 0x00000223788f1b40 Exception <a 'sun/nio/fs/WindowsException'{0x0000000088d01c28}> (0x0000000088d01c28) 
thrown [s\open\src\hotspot\share\prims\jni.cpp, line 517]
Event: 0.462 Thread 0x00000223788f1b40 Exception <a 'sun/nio/fs/WindowsException'{0x0000000088d01f08}> (0x0000000088d01f08) 
thrown [s\open\src\hotspot\share\prims\jni.cpp, line 517]
Event: 0.471 Thread 0x00000223788f1b40 Exception <a 'java/lang/NoSuchMethodError'{0x0000000088d32b88}: 'java.lang.Object java.lang.invoke.DirectMethodHandle$Holder.invokeStaticInit(java.lang.Object)'> (0x0000000088d32b88) 
thrown [s\open\src\hotspot\share\interpreter\linkResolver.cpp, line 774]
Event: 0.479 Thread 0x00000223788f1b40 Exception <a 'java/lang/NoSuchMethodError'{0x0000000088d4f598}: 'int java.lang.invoke.DirectMethodHandle$Holder.invokeStaticInit(java.lang.Object, java.lang.Object, int, long)'> (0x0000000088d4f598) 
thrown [s\open\src\hotspot\share\interpreter\linkResolver.cpp, line 774]
Event: 0.480 Thread 0x00000223788f1b40 Exception <a 'java/lang/NoSuchMethodError'{0x0000000088d55118}: 'java.lang.Object java.lang.invoke.DirectMethodHandle$Holder.newInvokeSpecial(java.lang.Object, java.lang.Object, int)'> (0x0000000088d55118) 
thrown [s\open\src\hotspot\share\interpreter\linkResolver.cpp, line 774]
Event: 0.486 Thread 0x00000223788f1b40 Exception <a 'java/lang/NoSuchMethodError'{0x0000000088d63b50}: 'int java.lang.invoke.DirectMethodHandle$Holder.invokeStaticInit(java.lang.Object, java.lang.Object, long, long)'> (0x0000000088d63b50) 
thrown [s\open\src\hotspot\share\interpreter\linkResolver.cpp, line 774]
Event: 0.488 Thread 0x00000223788f1b40 Exception <a 'java/lang/NoSuchMethodError'{0x0000000088d69ca0}: 'java.lang.Object java.lang.invoke.DirectMethodHandle$Holder.newInvokeSpecial(java.lang.Object, java.lang.Object, long)'> (0x0000000088d69ca0) 
thrown [s\open\src\hotspot\share\interpreter\linkResolver.cpp, line 774]
Event: 0.491 Thread 0x00000223788f1b40 Exception <a 'java/lang/NoSuchMethodError'{0x0000000088d6dfb0}: 'java.lang.Object java.lang.invoke.Invokers$Holder.linkToTargetMethod(java.lang.Object, long, java.lang.Object)'> (0x0000000088d6dfb0) 
thrown [s\open\src\hotspot\share\interpreter\linkResolver.cpp, line 774]
Event: 0.502 Thread 0x00000223788f1b40 Exception <a 'java/lang/NoSuchMethodError'{0x0000000088d75538}: 'int java.lang.invoke.DirectMethodHandle$Holder.invokeStaticInit(java.lang.Object, java.lang.Object, java.lang.Object, long)'> (0x0000000088d75538) 
thrown [s\open\src\hotspot\share\interpreter\linkResolver.cpp, line 774]

VM Operations (8 events):
Event: 0.164 Executing VM operation: HandshakeAllThreads
Event: 0.164 Executing VM operation: HandshakeAllThreads done
Event: 0.211 Executing VM operation: HandshakeAllThreads
Event: 0.211 Executing VM operation: HandshakeAllThreads done
Event: 0.215 Executing VM operation: HandshakeAllThreads
Event: 0.215 Executing VM operation: HandshakeAllThreads done
Event: 0.425 Executing VM operation: HandshakeAllThreads
Event: 0.425 Executing VM operation: HandshakeAllThreads done

Events (14 events):
Event: 0.028 Thread 0x00000223788f1b40 Thread added: 0x00000223788f1b40
Event: 0.045 Thread 0x0000022317168720 Thread added: 0x0000022317168720
Event: 0.045 Thread 0x000002231716b160 Thread added: 0x000002231716b160
Event: 0.046 Thread 0x0000022317173700 Thread added: 0x0000022317173700
Event: 0.046 Thread 0x0000022317176040 Thread added: 0x0000022317176040
Event: 0.046 Thread 0x000002231717b900 Thread added: 0x000002231717b900
Event: 0.046 Thread 0x00000223171804b0 Thread added: 0x00000223171804b0
Event: 0.046 Thread 0x0000022317182cc0 Thread added: 0x0000022317182cc0
Event: 0.046 Thread 0x00000223171841a0 Thread added: 0x00000223171841a0
Event: 0.046 Thread 0x0000022317191280 Thread added: 0x0000022317191280
Event: 0.084 Thread 0x00000223171907e0 Thread added: 0x00000223171907e0
Event: 0.088 Thread 0x000002231718f7f0 Thread added: 0x000002231718f7f0
Event: 0.151 Thread 0x000002231b5830c0 Thread added: 0x000002231b5830c0
Event: 0.171 Thread 0x000002231b61b510 Thread added: 0x000002231b61b510


Dynamic libraries:
0x00007ff733e10000 - 0x00007ff733e20000 	C:\Program Files\Java\jdk-19\bin\javaw.exe
0x00007ffa80830000 - 0x00007ffa80a4a000 	C:\WINDOWS\SYSTEM32\ntdll.dll
0x00007ffa7ed30000 - 0x00007ffa7edf3000 	C:\WINDOWS\System32\KERNEL32.DLL
0x00007ffa7e190000 - 0x00007ffa7e52c000 	C:\WINDOWS\System32\KERNELBASE.dll
0x00007ffa7acc0000 - 0x00007ffa7ad56000 	C:\WINDOWS\SYSTEM32\apphelp.dll
0x000000006cb60000 - 0x000000006cc0f000 	C:\ProgramData\Symantec\Symantec Endpoint Protection\14.3.5427.3000.105\Data\Sysfer\x64\sysfer.dll
0x00007ffa7dc10000 - 0x00007ffa7dd2b000 	C:\WINDOWS\System32\ucrtbase.dll
0x00007ffa6cd80000 - 0x00007ffa6cd98000 	C:\Program Files\Java\jdk-19\bin\jli.dll
0x00007ffa65d60000 - 0x00007ffa65d7b000 	C:\Program Files\Java\jdk-19\bin\VCRUNTIME140.dll
0x00007ffa7eba0000 - 0x00007ffa7ec4e000 	C:\WINDOWS\System32\ADVAPI32.dll
0x00007ffa7eac0000 - 0x00007ffa7eb67000 	C:\WINDOWS\System32\msvcrt.dll
0x00007ffa7e7d0000 - 0x00007ffa7e876000 	C:\WINDOWS\System32\sechost.dll
0x00007ffa7e910000 - 0x00007ffa7ea37000 	C:\WINDOWS\System32\RPCRT4.dll
0x00007ffa80450000 - 0x00007ffa805fa000 	C:\WINDOWS\System32\USER32.dll
0x00007ffa7de50000 - 0x00007ffa7de76000 	C:\WINDOWS\System32\win32u.dll
0x00007ffa5b1a0000 - 0x00007ffa5b431000 	C:\WINDOWS\WinSxS\amd64_microsoft.windows.common-controls_6595b64144ccf1df_6.0.25236.1000_none_7a88bdfad9396379\COMCTL32.dll
0x00007ffa7e5f0000 - 0x00007ffa7e619000 	C:\WINDOWS\System32\GDI32.dll
0x00007ffa7dd30000 - 0x00007ffa7de46000 	C:\WINDOWS\System32\gdi32full.dll
0x00007ffa7def0000 - 0x00007ffa7df8a000 	C:\WINDOWS\System32\msvcp_win.dll
0x00007ffa73370000 - 0x00007ffa7337a000 	C:\WINDOWS\SYSTEM32\VERSION.dll
0x00007ffa7ee00000 - 0x00007ffa7ee30000 	C:\WINDOWS\System32\IMM32.DLL
0x00007ffa79080000 - 0x00007ffa7908c000 	C:\Program Files\Java\jdk-19\bin\vcruntime140_1.dll
0x00007ffa64ea0000 - 0x00007ffa64f2e000 	C:\Program Files\Java\jdk-19\bin\msvcp140.dll
0x00007ff9ff140000 - 0x00007ff9ffe00000 	C:\Program Files\Java\jdk-19\bin\server\jvm.dll
0x00007ffa65340000 - 0x00007ffa65349000 	C:\WINDOWS\SYSTEM32\WSOCK32.dll
0x00007ffa80700000 - 0x00007ffa8076f000 	C:\WINDOWS\System32\WS2_32.dll
0x00007ffa6bed0000 - 0x00007ffa6bf05000 	C:\WINDOWS\SYSTEM32\WINMM.dll
0x00007ffa7cb70000 - 0x00007ffa7cb88000 	C:\WINDOWS\SYSTEM32\kernel.appcore.dll
0x00007ffa72950000 - 0x00007ffa7295a000 	C:\Program Files\Java\jdk-19\bin\jimage.dll
0x00007ffa7b5b0000 - 0x00007ffa7b7e3000 	C:\WINDOWS\SYSTEM32\DBGHELP.DLL
0x00007ffa7ef40000 - 0x00007ffa7f2c2000 	C:\WINDOWS\System32\combase.dll
0x00007ffa801b0000 - 0x00007ffa80288000 	C:\WINDOWS\System32\OLEAUT32.dll
0x00007ffa5f020000 - 0x00007ffa5f052000 	C:\WINDOWS\SYSTEM32\dbgcore.DLL
0x00007ffa7df90000 - 0x00007ffa7e009000 	C:\WINDOWS\System32\bcryptPrimitives.dll
0x00007ffa64440000 - 0x00007ffa64466000 	C:\Program Files\Java\jdk-19\bin\java.dll
0x00007ffa4faf0000 - 0x00007ffa4fbc7000 	C:\Program Files\Java\jdk-19\bin\jsvml.dll
0x00007ffa7f900000 - 0x00007ffa800ec000 	C:\WINDOWS\System32\SHELL32.dll
0x00007ffa7bb20000 - 0x00007ffa7c3b8000 	C:\WINDOWS\SYSTEM32\windows.storage.dll
0x00007ffa7b990000 - 0x00007ffa7bb1d000 	C:\WINDOWS\SYSTEM32\wintypes.dll
0x00007ffa80600000 - 0x00007ffa806eb000 	C:\WINDOWS\System32\SHCORE.dll
0x00007ffa80780000 - 0x00007ffa807de000 	C:\WINDOWS\System32\shlwapi.dll
0x00007ffa7db30000 - 0x00007ffa7db51000 	C:\WINDOWS\SYSTEM32\profapi.dll
0x00007ffa64e80000 - 0x00007ffa64e98000 	C:\Program Files\Java\jdk-19\bin\zip.dll
0x00007ffa65d40000 - 0x00007ffa65d53000 	C:\Program Files\Java\jdk-19\bin\net.dll
0x00007ffa6df70000 - 0x00007ffa6e09e000 	C:\WINDOWS\SYSTEM32\WINHTTP.dll
0x00007ffa7d000000 - 0x00007ffa7d069000 	C:\WINDOWS\system32\mswsock.dll
0x00007ffa65230000 - 0x00007ffa65246000 	C:\Program Files\Java\jdk-19\bin\nio.dll
0x00007ffa416d0000 - 0x00007ffa41745000 	C:\Users\nilsw\AppData\Local\Temp\lwjglnilsw\3.3.1-build-7\lwjgl.dll
0x00007ffa47030000 - 0x00007ffa4708d000 	C:\Users\nilsw\AppData\Local\Temp\lwjglnilsw\3.3.1-build-7\lwjgl_opengl.dll
0x00007ffa4f070000 - 0x00007ffa4f176000 	C:\WINDOWS\SYSTEM32\opengl32.dll
0x00007ffa7b910000 - 0x00007ffa7b93d000 	C:\WINDOWS\SYSTEM32\GLU32.dll
0x00007ffa7af70000 - 0x00007ffa7afa6000 	C:\WINDOWS\SYSTEM32\dxcore.dll

dbghelp: loaded successfully - version: 4.0.5 - missing functions: none
symbol engine: initialized successfully - sym options: 0x614 - pdb path: .;C:\Program Files\Java\jdk-19\bin;C:\WINDOWS\SYSTEM32;C:\ProgramData\Symantec\Symantec Endpoint Protection\14.3.5427.3000.105\Data\Sysfer\x64;C:\WINDOWS\WinSxS\amd64_microsoft.windows.common-controls_6595b64144ccf1df_6.0.25236.1000_none_7a88bdfad9396379;C:\Program Files\Java\jdk-19\bin\server;C:\Users\nilsw\AppData\Local\Temp\lwjglnilsw\3.3.1-build-7

VM Arguments:
jvm_args: -Dfile.encoding=UTF-8 -XX:+ShowCodeDetailsInExceptionMessages 
java_command: game.main.Launcher
java_class_path (initial): C:\Users\nilsw\Documents\programmeren\java\lwjgl-leren\bin;C:\Users\nilsw\Documents\programmeren\java\libraries\LWJGL\joml-1.10.5.jar;C:\Users\nilsw\Documents\programmeren\java\libraries\LWJGL\lwjgl.jar;C:\Users\nilsw\Documents\programmeren\java\libraries\LWJGL\lwjgl-assimp.jar;C:\Users\nilsw\Documents\programmeren\java\libraries\LWJGL\lwjgl-assimp-javadoc.jar;C:\Users\nilsw\Documents\programmeren\java\libraries\LWJGL\lwjgl-assimp-natives-windows.jar;C:\Users\nilsw\Documents\programmeren\java\libraries\LWJGL\lwjgl-assimp-sources.jar;C:\Users\nilsw\Documents\programmeren\java\libraries\LWJGL\lwjgl-glfw.jar;C:\Users\nilsw\Documents\programmeren\java\libraries\LWJGL\lwjgl-glfw-javadoc.jar;C:\Users\nilsw\Documents\programmeren\java\libraries\LWJGL\lwjgl-glfw-natives-windows.jar;C:\Users\nilsw\Documents\programmeren\java\libraries\LWJGL\lwjgl-glfw-sources.jar;C:\Users\nilsw\Documents\programmeren\java\libraries\LWJGL\lwjgl-javadoc.jar;C:\Users\nilsw\Documents\programmeren\java\libraries\LWJGL\lwjgl-natives-windows.jar;C:\Users\nilsw\Documents\programmeren\java\libraries\LWJGL\lwjgl-openal.jar;C:\Users\nilsw\Documents\programmeren\java\libraries\LWJGL\lwjgl-openal-javadoc.jar;C:\Users\nilsw\Documents\programmeren\java\libraries\LWJGL\lwjgl-openal-natives-windows.jar;C:\Users\nilsw\Documents\programmeren\java\libraries\LWJGL\lwjgl-openal-sources.jar;C:\Users\nilsw\Documents\programmeren\java\libraries\LWJGL\lwjgl-opengl.jar;C:\Users\nilsw\Documents\programmeren\java\libraries\LWJGL\lwjgl-opengl-javadoc.jar;C:\Users\nilsw\Documents\programmeren\java\libraries\LWJGL\lwjgl-opengl-natives-windows.jar;C:\Users\nilsw\Documents\programmeren\java\libraries\LWJGL\lwjgl-opengl-sources.jar;C:\Users\nilsw\Documents\programmeren\java\libraries\LWJGL\lwjgl-sources.jar;C:\Users\nilsw\Documents\programmeren\java\libraries\LWJGL\lwjgl-stb.jar;C:\Users\nilsw\Documents\programmeren\java\libraries\LWJGL\lwjgl-stb-javadoc.jar;C:\Users\nilsw\Documents\programmeren\java\libraries\LWJGL\lwjgl-stb-natives-windows.jar;C:\Users\nilsw\Documents\programmeren\java\libraries\LWJGL\lwjgl-stb-sources.jar
Launcher Type: SUN_STANDARD

[Global flags]
     intx CICompilerCount                          = 4                                         {product} {ergonomic}
     uint ConcGCThreads                            = 2                                         {product} {ergonomic}
     uint G1ConcRefinementThreads                  = 8                                         {product} {ergonomic}
   size_t G1HeapRegionSize                         = 1048576                                   {product} {ergonomic}
    uintx GCDrainStackTargetSize                   = 64                                        {product} {ergonomic}
   size_t InitialHeapSize                          = 134217728                                 {product} {ergonomic}
   size_t MarkStackSize                            = 4194304                                   {product} {ergonomic}
   size_t MaxHeapSize                              = 2126512128                                {product} {ergonomic}
   size_t MaxNewSize                               = 1275068416                                {product} {ergonomic}
   size_t MinHeapDeltaBytes                        = 1048576                                   {product} {ergonomic}
   size_t MinHeapSize                              = 8388608                                   {product} {ergonomic}
    uintx NonNMethodCodeHeapSize                   = 5839372                                {pd product} {ergonomic}
    uintx NonProfiledCodeHeapSize                  = 122909434                              {pd product} {ergonomic}
    uintx ProfiledCodeHeapSize                     = 122909434                              {pd product} {ergonomic}
    uintx ReservedCodeCacheSize                    = 251658240                              {pd product} {ergonomic}
     bool SegmentedCodeCache                       = true                                      {product} {ergonomic}
     bool ShowCodeDetailsInExceptionMessages       = true                                   {manageable} {command line}
   size_t SoftMaxHeapSize                          = 2126512128                             {manageable} {ergonomic}
     bool UseCompressedClassPointers               = true                           {product lp64_product} {ergonomic}
     bool UseCompressedOops                        = true                           {product lp64_product} {ergonomic}
     bool UseG1GC                                  = true                                      {product} {ergonomic}
     bool UseLargePagesIndividualAllocation        = false                                  {pd product} {ergonomic}

Logging:
Log output configuration:
 #0: stdout all=warning uptime,level,tags foldmultilines=false
 #1: stderr all=off uptime,level,tags foldmultilines=false

Environment Variables:
PATH=C:\Program Files\Common Files\Oracle\Java\javapath;C:\Program Files (x86)\Common Files\Intel\Shared Libraries\redist\intel64\compiler;C:\Program Files (x86)\Common Files\Oracle\Java\javapath;C:\Windows\system32;C:\Windows;C:\Windows\System32\Wbem;C:\Windows\System32\WindowsPowerShell\v1.0\;C:\Windows\System32\OpenSSH\;C:\Program Files (x86)\NVIDIA Corporation\PhysX\Common;C:\Program Files\NVIDIA Corporation\NVIDIA NvDLISR;C:\Program Files\CMake\bin;C:\MinGW\bin;C:\Program Files\Sublime Text 3;C:\Program Files\Git\cmd;C:\Program Files\nodejs\;C:\WINDOWS\system32;C:\WINDOWS;C:\WINDOWS\System32\Wbem;C:\WINDOWS\System32\WindowsPowerShell\v1.0\;C:\WINDOWS\System32\OpenSSH\;C:\Users\nilsw\scoop\apps\oh-my-posh\current\bin;C:\Users\nilsw\AppData\Local\Programs\Python\Python310\Scripts\;C:\Users\nilsw\AppData\Local\Programs\Python\Python310\;C:\Users\nilsw\scoop\shims;C:\Users\nilsw\AppData\Local\Microsoft\WindowsApps;C:\Users\nilsw\AppData\Local\Programs\oh-my-posh\bin;C:\Users\nilsw\AppData\Local\Programs\Microsoft VS Code\bin;C:\Users\nilsw\AppData\Roaming\npm;C:\Program Files\JetBrains\IntelliJ IDEA Community Edition 2022.2.2\bin;;C:\Users\nilsw\AppData\Local\Microsoft\WindowsApps;
USERNAME=nilsw
OS=Windows_NT
PROCESSOR_IDENTIFIER=Intel64 Family 6 Model 142 Stepping 10, GenuineIntel
TMP=C:\Users\nilsw\AppData\Local\Temp
TEMP=C:\Users\nilsw\AppData\Local\Temp



---------------  S Y S T E M  ---------------

OS:
 Windows 11 , 64 bit Build 25236 (10.0.25236.1000)
OS uptime: 0 days 12:13 hours
Hyper-V role detected

CPU: total 8 (initial active 8) (4 cores per cpu, 2 threads per core) family 6 model 142 stepping 10 microcode 0xf0, cx8, cmov, fxsr, ht, mmx, 3dnowpref, sse, sse2, sse3, ssse3, sse4.1, sse4.2, popcnt, lzcnt, tsc, tscinvbit, avx, avx2, aes, erms, clmul, bmi1, bmi2, rtm, adx, fma, vzeroupper, clflush, clflushopt, hv, rdtscp

Memory: 4k page, system-wide physical 8109M (1088M free)
TotalPageFile size 16301M (AvailPageFile size 4638M)
current process WorkingSet (physical memory assigned to process): 49M, peak: 49M
current process commit charge ("private bytes"): 217M, peak: 217M

vm_info: Java HotSpot(TM) 64-Bit Server VM (19+36-2238) for windows-amd64 JRE (19+36-2238), built on 2022-08-12T20:29:01Z by "mach5one" with MS VC++ 17.1 (VS2022)

END.
